61
5
45
36
36
27
11
30
36
64
24
61
29
3
36
37
45
36
45
36
45
45
2
45
61
36
45
45
45
36
37
45
12
61
36
36
3
36
36
36
36
36
61
29
61
7
45
36
45
36
37
13
0
61
44
37
25
36
8
9
29
29
36
36
45
0
0
37
1
3
13
27
45
20
8
45
11
1
37
45
3
45
45
1
45
36
20
45
45
30
20
7
45
36
45
61
36
3
3
45
45
29
36
15
13
37
0
36
36
3
3
45
3
36
13
3
45
36
7
45
36
45
36
29
36
56
45
36
37
36
55
61
36
20
36
3
64
20
13
61
45
29
36
36
45
45
3
45
36
15
11
24
3
3
3
36
55
11
44
36
7
3
24
20
25
36
36
37
36
36
36
45
61
36
36
20
37
36
25
7
2
45
36
6
34
36
44
36
29
0
36
22
36
36
36
45
7
7
36
36
24
36
45
24
13
36
36
36
36
13
36
0
25
1
13
36
45
0
45
3
36
36
36
28
13
22
11
5
36
45
45
36
36
12
36
25
25
37
61
61
45
20
15
2
45
61
36
36
29
37
36
9
36
25
36
61
13
7
45
37
45
45
6
61
3
11
36
36
45
36
1
0
15
13
36
36
36
36
36
36
36
36
36
61
36
36
32
32
61
36
36
36
32
36
45
37
29
24
9
36
45
36
6
25
3
61
29
36
4
45
0
25
36
13
1
45
61
37
25
36
30
13
4
11
45
36
36
11
17
45
20
36
11
5
20
36
37
11
61
5
26
36
45
36
36
34
37
0
45
36
56
1
13
11
55
45
36
45
45
30
25
5
36
5
37
0
45
34
45
37
29
36
15
36
36
61
45
36
17
36
9
36
15
61
15
45
45
45
45
61
36
45
45
61
37
37
32
36
36
32
36
18
4
24
36
29
7
37
8
5
61
29
37
36
37
45
2
7
37
20
36
24
1
36
45
7
36
36
25
29
30
36
37
45
45
7
61
30
36
32
45
32
36
36
7
1
61
29
4
36
36
13
9
3
20
20
36
1
61
36
45
45
25
24
3
36
24
45
61
32
45
5
13
34
36
8
36
36
36
36
45
32
36
24
25
36
61
37
32
4
7
36
36
45
29
61
15
8
36
61
3
15
45
2
6
37
45
29
36
45
36
36
12
45
61
36
36
30
36
45
32
36
13
36
29
36
11
36
24
36
36
36
24
36
9
36
29
30
7
61
37
30
15
22
45
36
61
25
45
29
36
22
45
36
36
36
29
36
45
32
37
45
7
36
45
8
36
3
45
13
25
36
45
45
61
11
29
29
36
36
11
36
36
22
37
45
36
36
36
45
32
36
26
36
45
22
61
25
36
36
2
11
36
22
28
45
45
61
36
24
15
45
44
45
37
45
37
25
36
9
25
61
36
29
29
3
45
7
37
9
36
7
45
5
25
36
36
61
11
36
13
3
36
25
45
36
61
13
8
20
26
25
61
36
24
36
45
36
36
45
37
45
36
37
36
7
45
61
45
36
36
45
36
36
24
36
36
24
36
6
36
11
36
55
3
24
45
11
36
36
37
45
27
36
45
3
36
25
9
45
36
45
45
36
36
45
36
36
7
17
9
45
3
37
45
36
3
29
11
61
45
45
13
15
3
7
36
45
0
13
36
61
45
25
3
2
37
36
13
45
45
45
17
36
61
37
36
13
37
45
36
61
7
45
26
2
36
45
29
36
24
4
61
61
64
13
30
36
36
45
36
36
32
45
36
36
36
61
45
13
36
45
36
0
61
36
36
4
36
32
37
11
7
61
18
45
45
36
61
36
36
29
7
24
4
24
45
4
24
32
37
45
30
37
36
45
45
3
11
29
36
36
37
36
0
36
36
11
25
25
29
3
36
13
12
55
11
25
13
36
0
32
36
45
37
8
12
5
44
61
45
15
3
5
45
36
36
30
15
36
36
36
0
36
37
13
7
1
29
5
45
61
37
61
27
3
24
17
36
36
36
36
45
36
27
11
45
61
0
61
3
5
7
61
30
45
28
7
13
36
37
29
20
15
61
24
36
45
45
45
36
26
61
45
45
1
61
7
20
37
29
36
32
15
32
36
36
12
9
36
1
36
24
11
36
13
3
29
61
11
61
45
45
36
7
36
64
29
36
45
13
36
8
61
45
1
61
36
11
36
61
7
36
36
24
61
36
29
5
36
61
36
61
45
36
0
11
36
45
36
11
37
0
28
45
45
36
32
29
36
24
45
45
36
37
13
25
36
24
0
