55
36
27
55
37
5
37
21
48
48
10
33
38
37
23
55
10
48
55
48
25
48
5
1
24
36
48
55
37
37
24
24
48
37
30
26
59
48
48
48
26
0
0
48
20
37
55
24
0
41
59
36
48
48
4
59
33
26
59
24
55
24
48
37
38
1
1
59
48
59
23
1
41
37
59
21
1
9
59
30
23
0
22
0
41
48
48
24
59
48
1
37
37
48
34
48
48
48
12
12
55
33
37
14
23
48
37
25
55
37
48
0
48
48
41
55
48
37
59
55
33
37
37
23
59
0
41
37
37
18
24
12
21
37
55
36
48
59
20
10
0
21
48
59
37
12
37
59
48
41
26
38
55
48
21
37
37
10
30
41
59
41
48
37
40
55
48
4
48
0
48
21
38
48
26
23
48
30
38
37
37
38
48
48
41
33
59
41
0
2
37
37
37
23
37
37
1
34
0
23
38
31
21
48
20
36
38
9
48
5
33
59
0
37
3
10
41
37
48
59
59
55
37
37
38
59
37
48
4
59
37
48
59
48
37
37
59
1
26
55
24
26
37
1
21
55
8
38
22
48
12
18
12
2
37
41
16
14
41
48
41
55
1
38
48
37
41
48
59
37
38
48
38
9
41
41
59
55
37
55
55
37
59
30
55
22
22
37
13
59
40
37
41
48
48
21
4
59
59
48
37
48
10
4
41
48
55
37
14
13
48
18
59
48
37
48
23
14
33
37
27
37
24
48
59
48
24
37
48
0
33
48
48
48
48
48
25
21
59
41
48
37
37
25
25
3
23
34
48
33
59
25
10
36
48
37
3
48
0
21
33
33
48
1
48
37
11
55
33
37
48
59
59
12
55
55
59
59
5
59
59
37
0
10
59
48
21
55
0
24
26
37
48
22
37
48
48
37
37
55
12
38
26
33
48
23
34
23
15
23
20
48
48
48
12
1
55
26
14
0
18
33
0
48
48
48
37
55
21
48
22
0
22
33
55
48
37
33
33
48
26
22
37
3
48
48
0
37
55
55
37
34
25
0
37
26
48
59
37
14
33
41
55
34
37
37
0
59
34
25
37
55
3
48
36
55
55
59
59
37
48
37
41
55
0
37
10
37
59
38
37
6
37
55
22
18
37
59
24
0
59
59
48
48
48
34
37
59
55
55
55
29
26
33
33
24
48
48
12
55
21
48
48
55
23
55
41
8
37
25
59
48
21
55
34
55
48
41
48
24
10
48
48
4
34
0
37
55
34
48
22
37
34
48
59
55
48
21
48
59
37
59
37
3
41
34
25
4
38
37
48
37
48
24
48
18
23
21
3
1
38
1
2
29
24
38
24
34
48
23
9
48
24
1
41
22
41
48
1
12
25
34
55
59
25
48
23
29
48
37
30
1
30
12
36
48
55
38
48
55
59
55
48
48
25
37
48
59
59
21
22
59
55
12
18
0
10
12
0
37
48
55
13
33
48
48
21
55
37
37
37
55
1
34
38
59
48
59
14
21
1
48
36
1
0
24
48
17
41
37
37
37
12
55
37
48
21
41
26
31
37
55
37
37
48
10
2
48
33
18
7
55
0
37
48
48
59
38
34
48
37
59
1
21
25
0
0
13
41
37
48
18
38
24
10
21
1
48
13
55
13
41
48
55
27
41
48
48
36
37
41
48
37
41
2
59
23
37
59
48
17
33
21
48
37
48
48
25
48
40
38
13
59
55
24
20
41
37
41
8
37
48
30
4
24
37
48
41
37
48
21
48
7
6
12
4
37
37
2
37
33
10
24
48
37
21
0
37
27
5
48
1
24
55
55
59
48
48
41
12
37
48
55
37
38
55
12
48
41
37
40
29
59
9
34
37
55
48
59
48
37
59
0
55
5
38
0
1
34
59
48
59
41
48
41
3
55
38
33
0
24
23
48
59
13
34
14
55
41
55
55
1
41
59
34
48
48
37
33
59
30
37
37
22
48
26
20
48
0
18
38
48
38
37
55
41
24
16
59
33
59
48
59
23
48
59
59
20
59
4
48
48
21
48
48
24
37
34
59
59
18
0
55
37
48
59
48
37
41
16
37
41
37
48
4
20
48
36
55
25
21
48
12
25
33
12
59
48
59
22
48
1
37
34
1
37
12
37
12
55
59
37
30
59
22
37
55
37
34
59
22
48
18
59
30
37
2
10
22
34
59
24
0
0
4
59
48
31
48
48
34
37
37
14
17
4
18
48
0
21
55
37
21
37
22
0
55
33
20
59
48
37
48
48
37
13
5
48
37
37
