13
4
22
22
0
19
6
6
110
104
5
39
104
13
23
23
104
23
100
23
104
19
19
4
110
6
19
22
116
116
19
22
104
6
22
4
5
22
116
40
104
19
116
16
108
6
5
116
22
12
67
110
15
110
20
104
0
6
25
19
5
116
23
104
18
19
25
104
110
104
5
19
4
104
16
22
104
108
110
14
22
21
116
6
18
110
110
22
116
22
6
116
31
2
3
6
110
116
110
104
100
22
19
110
39
116
116
23
13
10
23
22
104
104
110
110
11
33
19
110
110
13
31
18
116
81
22
110
22
1
22
0
12
4
87
22
116
24
27
22
23
18
69
22
8
100
110
104
104
19
101
6
23
6
19
110
68
110
110
11
7
22
40
2
110
23
13
13
104
5
92
22
110
104
21
0
67
22
20
67
101
12
24
19
110
16
24
39
23
104
76
11
22
67
24
22
110
21
110
16
104
104
11
116
19
104
11
23
42
104
22
104
6
8
53
13
0
101
100
25
30
0
110
0
22
4
104
75
104
13
22
4
30
9
16
110
104
116
11
22
110
22
116
6
104
104
110
110
39
22
54
70
116
19
110
19
22
22
8
104
85
6
110
49
20
22
110
9
104
18
116
22
25
22
104
104
110
110
116
3
1
3
104
110
22
110
5
10
110
11
24
23
104
21
23
63
6
16
23
27
116
22
75
110
57
22
22
1
104
13
21
18
23
116
104
116
10
104
0
25
110
24
9
1
105
104
12
8
23
110
25
22
110
104
116
24
22
8
110
0
100
22
110
5
19
104
116
110
110
11
22
116
0
22
19
19
22
24
0
19
60
116
110
110
2
12
3
116
12
22
13
110
39
19
54
19
110
110
110
22
6
90
22
1
110
110
110
90
104
62
30
116
22
110
3
23
110
116
104
39
110
19
9
22
110
110
22
1
19
23
110
110
27
12
0
110
101
1
104
116
18
25
110
110
61
12
104
110
32
22
110
20
1
11
68
55
25
110
23
6
110
22
110
110
16
3
116
87
116
97
16
22
110
22
5
39
116
2
22
116
5
12
110
19
30
10
0
0
2
19
22
23
22
16
104
110
9
0
19
116
110
6
85
110
27
24
110
104
86
110
110
39
54
3
18
110
39
104
116
104
104
104
116
20
116
110
104
110
64
10
104
22
110
104
116
116
98
1
23
19
24
104
39
23
4
116
89
32
100
23
104
22
39
13
6
116
16
22
39
0
7
10
30
116
19
9
22
3
116
19
105
99
19
19
104
39
19
22
23
22
104
16
104
5
22
110
5
58
110
104
1
22
19
100
22
22
5
110
8
104
19
23
110
22
116
9
0
0
104
116
116
116
88
110
110
104
110
25
18
19
20
104
9
0
110
22
110
19
20
104
19
104
4
90
23
22
23
22
116
30
106
22
116
116
19
12
110
55
11
110
106
61
23
19
22
11
23
110
8
3
104
110
12
24
110
20
110
0
22
116
104
24
104
110
23
23
106
104
110
12
22
13
104
20
9
19
12
23
39
105
16
8
11
104
23
110
40
11
104
104
73
116
39
2
5
5
16
110
19
104
22
13
110
22
116
108
110
22
23
4
11
116
104
6
19
0
88
18
22
6
110
23
110
30
19
1
110
23
22
22
116
13
1
110
30
110
32
22
1
23
110
20
0
106
104
23
0
23
5
104
19
25
11
39
5
3
116
6
116
116
5
81
76
116
98
19
104
104
20
23
104
110
116
19
97
40
1
105
110
116
19
2
104
23
110
6
28
110
19
18
108
19
110
116
23
9
19
108
4
12
13
110
19
22
19
104
110
19
110
116
2
19
19
104
23
116
110
13
6
110
22
22
30
10
4
13
116
104
15
76
9
110
22
89
104
104
10
106
108
4
19
116
19
104
11
116
19
106
110
108
110
110
108
116
20
2
85
22
21
5
19
106
23
110
116
106
105
22
18
23
11
22
101
104
1
116
6
22
23
110
106
110
48
1
22
1
19
104
104
6
116
1
30
116
23
30
5
116
110
11
116
8
110
110
108
13
22
39
19
22
1
8
104
11
19
66
110
110
22
22
104
104
6
22
116
100
110
110
22
1
23
22
116
22
0
22
11
116
2
110
16
110
22
110
68
39
116
12
104
6
116
32
104
64
110
110
2
40
9
110
23
25
110
23
30
110
22
13
22
12
106
6
4
81
22
22
1
6
1
23
110
116
70
110
104
110
116
110
52
108
0
23
20
116
82
116
22
116
110
94
106
6
18
1
101
80
73
23
116
110
