15
30
19
114
35
114
105
46
21
20
6
105
21
6
5
19
32
20
114
29
114
114
105
29
76
105
96
27
105
29
112
105
18
10
87
0
29
29
29
114
114
21
19
114
29
27
19
105
27
0
105
10
90
29
114
11
21
79
114
96
114
33
18
24
2
8
17
33
21
8
114
30
29
10
14
114
19
15
114
104
18
39
29
105
114
29
19
9
6
5
14
17
29
14
16
105
16
114
112
7
20
33
14
105
1
73
114
105
114
105
0
114
11
104
21
105
71
33
67
15
10
105
9
12
29
10
105
17
27
14
14
29
29
112
114
6
79
77
105
33
21
21
29
114
29
16
27
114
114
20
16
29
9
65
114
19
58
114
11
112
114
31
29
16
19
8
105
29
114
3
32
21
21
105
19
114
105
114
27
14
35
114
82
11
13
105
19
105
104
10
10
105
105
78
114
14
27
114
27
17
114
105
29
32
12
3
114
104
1
114
17
16
104
29
112
114
67
107
19
17
114
16
21
109
17
112
27
18
114
11
0
114
18
105
105
16
114
105
16
33
6
2
29
29
49
105
0
114
112
63
105
1
18
16
112
105
2
104
105
101
105
105
112
29
4
20
14
0
114
114
105
104
14
29
114
14
10
35
0
14
17
17
35
14
5
23
11
27
11
8
112
114
63
105
96
2
17
89
19
21
14
105
29
10
14
114
19
104
16
104
105
114
35
15
1
29
51
10
30
33
33
14
6
105
14
101
105
0
53
14
14
14
104
14
29
18
105
14
104
9
18
14
17
12
104
29
35
112
20
29
16
29
21
29
105
105
2
0
32
114
112
29
105
21
40
11
105
32
22
114
114
114
105
21
114
105
35
105
30
18
109
14
104
29
105
8
114
14
16
114
104
17
114
21
29
104
109
1
29
104
105
104
19
105
12
114
114
27
29
105
3
104
114
114
10
114
114
79
19
105
104
20
114
53
14
35
18
10
114
19
16
11
16
105
47
29
105
0
105
11
42
114
105
29
105
0
114
104
104
105
114
21
27
105
114
29
23
21
33
114
17
18
112
104
22
105
0
16
18
107
0
32
89
114
105
2
105
109
29
104
0
86
11
114
35
0
33
114
105
35
9
112
114
105
18
114
114
114
105
104
6
114
16
114
105
114
104
0
32
105
114
105
18
18
14
14
11
105
0
17
16
16
112
51
27
21
114
101
33
29
14
27
105
114
27
29
104
105
29
10
14
10
114
105
11
11
10
105
11
17
114
14
18
105
105
35
105
11
114
27
21
5
22
17
105
104
114
20
101
33
105
33
19
79
114
105
98
114
21
29
5
25
114
105
114
29
13
95
35
4
4
104
16
105
104
105
9
14
109
105
105
29
35
21
114
114
105
105
21
96
114
19
4
4
29
114
29
29
11
114
114
29
105
105
114
21
11
17
114
27
21
6
25
17
14
58
66
2
114
114
2
114
19
2
14
105
18
105
29
29
114
21
114
14
114
114
101
22
21
14
109
0
29
105
114
28
11
35
114
27
18
105
104
104
32
114
29
2
29
104
21
20
77
11
105
35
35
3
35
114
14
21
27
8
105
14
114
114
33
12
114
27
114
35
94
114
105
20
105
105
29
112
50
114
12
47
17
19
114
91
105
14
114
29
114
104
14
11
22
114
104
114
27
114
114
27
114
21
21
114
18
14
112
27
29
114
14
19
18
19
105
16
0
21
105
105
114
112
112
16
105
114
29
12
17
114
114
18
6
11
16
35
8
114
105
2
19
29
32
114
114
114
104
105
3
8
27
114
29
18
18
10
44
114
114
5
14
114
114
14
21
6
17
112
107
10
10
16
14
29
11
21
17
29
17
32
21
72
112
51
11
105
27
105
114
20
16
14
14
11
2
114
105
0
19
6
62
22
112
32
69
114
52
14
105
8
29
105
105
10
27
32
10
16
114
27
14
104
105
4
29
23
11
105
2
27
14
14
114
105
35
114
8
14
104
114
21
2
105
14
29
19
11
16
21
114
112
27
27
21
35
27
105
35
105
33
29
25
29
11
101
101
114
29
105
21
16
7
2
16
114
16
6
21
114
17
107
83
27
104
35
33
114
29
64
105
22
105
29
105
4
21
14
105
104
114
27
11
105
114
35
114
105
104
14
105
16
27
105
45
112
114
18
0
114
114
29
114
29
112
114
21
14
101
5
11
104
105
18
105
1
27
52
104
29
11
2
18
0
35
114
21
22
6
114
14
64
11
11
21
14
21
105
27
29
19
35
11
114
105
