42
61
0
61
42
32
53
63
2
11
16
35
32
15
27
16
19
27
52
52
1
51
1
35
36
10
58
8
50
41
51
63
2
3
25
52
53
11
63
63
2
31
3
33
32
63
18
15
52
58
51
63
29
63
23
31
35
53
61
31
56
63
1
7
21
8
63
63
32
61
31
61
32
32
61
42
15
42
18
31
53
41
19
40
14
35
23
8
63
0
27
7
52
10
63
32
63
16
61
16
25
29
63
63
31
1
35
42
40
35
15
42
15
42
3
42
15
25
63
2
41
52
52
42
63
63
13
56
52
56
15
23
37
51
41
31
5
63
19
32
14
52
4
63
13
0
58
2
32
0
52
13
15
63
29
63
22
58
63
40
15
16
31
61
0
29
13
61
52
61
41
40
52
7
11
15
27
61
61
32
10
27
40
63
52
25
61
31
41
41
15
42
63
15
18
7
19
35
52
41
25
0
15
15
42
52
63
61
19
63
63
63
13
16
52
35
63
14
13
52
63
63
52
63
63
53
0
63
52
35
51
52
15
27
63
36
32
61
19
63
41
35
40
29
63
23
31
63
25
42
56
13
35
2
16
15
63
56
63
42
41
58
32
32
58
19
28
41
29
8
15
15
2
15
52
61
16
52
61
37
58
13
32
42
10
13
29
36
35
25
52
61
31
63
61
10
19
42
61
63
7
63
31
15
2
52
40
36
63
29
63
32
7
63
63
40
52
45
41
29
63
58
2
37
23
0
52
61
58
41
16
13
52
56
19
51
27
61
61
14
13
45
63
11
63
32
63
63
15
61
52
6
63
32
52
29
29
63
26
40
63
23
27
35
63
53
37
63
25
27
15
52
58
52
41
35
52
61
58
41
42
16
11
56
52
27
52
4
32
14
2
63
29
51
63
52
2
3
61
25
58
15
23
35
58
61
31
63
61
3
0
6
35
15
26
13
11
35
40
32
0
31
58
56
0
58
15
52
13
61
61
29
7
31
29
0
23
16
23
2
1
61
14
27
63
52
40
41
27
52
15
61
37
52
42
10
16
56
58
61
29
0
0
35
17
15
51
63
52
61
16
15
41
52
63
2
52
35
22
52
61
63
37
27
52
32
61
8
58
35
7
53
63
63
61
58
25
23
61
61
10
32
63
42
13
63
5
23
51
0
19
61
1
61
58
7
15
29
61
58
16
53
35
63
32
19
33
3
52
63
63
11
36
56
61
52
36
42
27
23
15
16
19
23
15
0
14
52
32
61
25
16
16
56
61
7
52
52
0
50
52
51
61
52
0
16
31
63
9
42
61
51
10
8
35
52
0
15
15
13
16
61
25
58
0
31
9
13
29
15
27
41
16
23
61
63
52
2
35
63
61
32
13
15
35
40
35
58
31
63
23
32
2
42
29
58
52
29
13
29
63
35
63
36
42
13
58
35
32
0
7
2
13
4
10
26
61
63
63
35
41
11
63
58
31
25
61
61
61
31
0
15
35
63
15
2
63
40
53
25
42
29
58
16
13
63
41
63
2
40
63
58
23
63
0
32
15
52
53
52
51
51
32
32
32
29
40
61
63
29
40
61
32
29
22
29
33
61
63
63
35
32
52
10
23
52
29
63
52
61
52
32
58
52
40
63
16
42
63
52
15
58
36
52
13
1
63
61
23
1
40
1
61
29
51
2
19
52
29
14
58
2
2
13
29
63
63
0
32
40
58
32
27
52
40
15
4
63
63
0
52
58
42
16
1
11
58
10
16
0
25
41
16
52
58
14
32
58
1
25
63
0
16
35
29
31
52
42
63
11
52
58
29
63
52
61
16
10
41
63
61
29
4
8
63
15
63
63
63
52
2
29
61
52
27
8
2
32
1
23
6
15
7
31
35
40
32
16
31
13
61
25
61
16
32
63
63
52
63
63
61
40
35
63
51
6
32
9
56
40
25
25
52
63
13
14
29
15
33
35
61
2
35
61
63
13
2
63
58
63
32
52
0
2
32
63
27
42
56
8
16
15
6
14
6
56
15
14
29
63
52
63
1
36
41
13
15
22
19
61
32
35
58
8
29
7
31
56
1
52
61
7
18
63
61
0
61
41
32
51
2
29
58
0
15
16
35
1
63
6
58
32
23
32
52
52
20
16
35
63
29
15
52
7
63
5
32
16
35
14
28
63
40
61
16
32
6
13
51
1
0
32
63
58
35
6
0
10
45
8
63
1
63
40
29
52
61
16
52
41
41
15
51
29
61
56
61
23
63
14
14
63
5
63
32
0
63
53
32
32
