120
28
10
16
107
29
32
74
21
9
16
107
21
120
20
2
29
19
36
102
108
27
100
114
113
28
34
25
15
10
106
17
65
41
14
106
17
21
4
114
120
107
107
114
114
4
25
107
107
0
13
93
5
0
13
25
25
114
114
28
11
17
107
114
113
13
113
28
13
27
107
29
114
79
7
21
21
25
4
113
25
13
17
80
114
13
25
10
120
26
13
8
19
106
26
69
106
32
114
113
113
13
120
25
120
17
14
106
17
107
27
113
16
120
21
69
27
10
120
13
28
17
57
10
107
26
13
12
107
13
34
114
113
1
107
0
102
107
25
102
114
17
21
107
5
17
113
26
63
12
10
113
26
26
20
25
25
106
114
120
107
113
17
17
1
10
107
113
25
10
21
13
10
94
25
100
10
28
20
0
114
9
52
10
13
27
29
25
2
59
113
0
20
114
114
11
113
0
28
14
114
120
28
120
13
107
107
59
60
114
28
107
107
1
28
120
10
3
32
24
17
19
114
100
44
74
1
9
34
10
10
25
107
100
107
99
107
29
114
13
27
107
114
1
13
14
28
114
14
17
107
25
107
26
13
20
90
15
12
17
13
106
29
113
107
107
25
84
113
107
26
25
107
57
13
10
107
19
25
114
120
4
21
106
7
16
3
9
10
12
19
25
114
71
13
107
102
0
19
17
107
28
29
107
113
34
14
27
15
28
107
107
107
106
39
100
113
32
98
107
10
113
120
26
45
38
17
2
28
107
25
8
107
3
20
120
114
29
113
107
14
10
32
107
13
107
17
17
28
29
9
113
4
100
28
10
91
32
28
29
106
29
114
107
106
107
15
17
26
107
114
120
114
114
25
13
26
0
114
28
120
106
63
113
120
26
106
17
19
120
113
17
120
17
113
13
114
26
113
13
28
1
20
27
106
17
102
120
34
106
21
21
107
28
106
13
114
2
5
120
114
113
107
5
113
1
10
84
16
18
120
0
107
114
5
17
25
114
34
106
107
26
19
10
10
27
25
19
113
113
17
12
100
19
13
14
21
113
15
114
10
120
106
16
120
120
28
4
21
114
20
107
17
20
114
13
47
25
27
113
0
27
10
107
114
108
10
10
107
25
106
100
114
107
21
120
82
28
25
27
107
32
25
10
5
21
89
100
15
5
28
106
0
10
32
37
28
106
114
113
25
113
100
120
13
107
25
28
21
13
1
102
25
20
113
25
5
1
18
93
19
106
114
20
13
10
120
89
114
106
1
13
32
83
114
26
9
13
106
120
25
27
21
27
113
54
107
57
21
20
13
114
14
17
107
106
74
107
102
12
19
114
27
102
20
106
28
10
113
120
100
106
106
28
113
1
29
32
113
107
11
17
28
19
47
16
10
13
11
114
106
114
42
12
28
10
9
37
106
2
4
91
13
25
7
120
113
16
10
114
19
26
74
15
13
113
21
120
26
25
13
107
37
28
90
13
12
102
37
107
114
114
62
20
120
1
28
25
29
13
114
8
8
72
113
120
113
114
4
17
0
106
113
21
19
13
107
120
69
21
32
0
107
25
106
114
12
26
27
114
107
100
107
107
20
16
22
54
96
114
32
106
4
106
107
9
6
9
12
106
107
114
17
21
1
100
113
114
107
9
114
106
102
107
25
114
102
17
22
25
11
45
120
20
15
75
15
98
107
100
28
1
107
12
20
13
2
100
28
15
28
10
113
27
113
13
13
102
15
10
17
6
107
20
100
29
21
29
21
26
67
9
106
17
80
120
54
114
29
1
25
107
114
107
10
107
20
10
106
17
45
114
113
17
107
28
17
106
114
100
106
76
20
107
12
25
28
4
106
96
100
13
120
113
3
107
25
114
32
114
107
13
107
120
28
4
94
5
1
120
113
114
120
8
34
120
107
13
21
120
114
17
21
0
107
113
26
17
13
120
107
19
26
21
106
10
14
38
16
7
120
21
10
107
25
29
52
17
1
108
120
22
107
10
114
2
19
22
15
20
78
25
25
28
25
27
114
20
100
114
5
29
20
13
107
2
114
100
66
50
120
28
107
120
17
107
17
113
10
6
114
21
17
114
21
5
114
21
13
120
107
13
15
2
120
120
28
25
22
114
26
13
113
9
10
29
107
21
13
1
28
5
17
17
10
107
9
25
120
20
21
32
19
100
114
120
27
107
114
17
9
100
108
107
10
114
75
106
15
100
20
13
114
27
107
13
17
107
107
13
26
100
114
6
114
21
2
120
28
10
76
107
107
100
100
25
113
107
27
106
