yes
779 419
419 912
912 971
971 906
906 989
989 445
445 608
608 260
260 962
962 722
722 817
817 715
715 17
17 39
39 658
658 737
737 50
50 489
489 293
293 178
178 153
153 653
653 550
550 372
372 544
544 875
875 516
516 300
300 959
959 124
124 870
870 820
820 444
444 415
415 795
795 637
637 367
367 941
941 82
82 611
611 562
562 144
144 710
710 863
863 829
829 574
574 273
273 428
428 347
347 500
500 334
334 287
287 396
396 910
910 735
735 438
438 916
916 431
431 664
664 839
839 206
206 755
755 471
471 20
20 164
164 23
23 371
371 73
73 838
838 790
790 587
587 734
734 783
783 686
686 960
960 7
7 13
13 774
774 104
104 204
204 90
90 970
970 219
219 52
52 935
935 502
502 108
108 997
997 72
72 277
277 864
864 966
966 262
262 248
248 927
927 556
556 919
919 327
327 411
411 230
230 422
422 677
677 429
429 359
359 853
853 892
892 170
170 282
282 508
508 951
951 91
91 889
889 986
986 943
943 567
567 336
336 365
365 498
498 473
473 718
718 203
203 772
772 724
724 173
173 961
961 281
281 600
600 109
109 254
254 909
909 224
224 380
380 317
317 11
11 486
486 114
114 798
798 687
687 563
563 757
757 221
221 850
850 963
963 756
756 655
655 778
778 147
147 285
285 712
712 744
744 509
509 702
702 740
740 891
891 944
944 316
316 470
470 787
787 26
26 187
187 424
424 955
955 477
477 771
771 246
246 913
913 408
408 846
846 534
534 442
442 279
279 283
283 58
58 749
749 802
802 264
264 199
199 908
908 940
940 193
193 969
969 47
47 711
711 306
306 299
299 698
698 883
883 305
305 22
22 303
303 828
828 598
598 51
51 265
265 606
606 902
902 760
760 832
832 532
532 531
531 454
454 898
898 210
210 985
985 553
553 796
796 420
420 269
269 736
736 40
40 406
406 492
492 745
745 949
949 175
175 844
844 543
543 163
163 99
99 663
663 79
79 545
545 803
803 527
527 119
119 174
174 590
590 244
244 656
656 460
460 217
217 785
785 773
773 591
591 800
800 873
873 160
160 601
601 172
172 37
37 92
92 162
162 816
816 746
746 856
856 236
236 389
389 679
679 646
646 626
626 455
455 958
958 358
358 884
884 936
936 729
729 928
928 30
30 209
209 926
926 669
669 197
197 135
135 662
662 333
333 801
801 991
991 226
226 185
185 751
751 797
797 566
566 813
813 77
77 127
127 28
28 645
645 465
465 676
676 312
312 130
130 752
752 313
313 271
271 560
560 383
383 640
640 695
695 833
833 274
274 721
721 766
766 452
452 699
699 904
904 218
218 350
350 443
443 84
84 546
546 468
468 761
761 386
386 328
328 984
984 610
610 728
728 154
154 426
426 385
385 110
110 152
152 4
4 97
97 717
717 425
425 858
858 450
450 338
338 66
66 78
78 552
552 117
117 511
511 618
618 581
581 727
727 507
507 572
572 307
307 593
593 569
569 286
286 697
697 623
623 579
579 95
95 86
86 297
297 896
896 973
973 478
478 166
166 529
529 416
416 491
491 706
706 978
978 520
520 320
320 241
241 295
295 854
854 517
517 499
499 576
576 775
775 146
146 261
261 55
55 954
954 595
595 782
782 267
267 439
439 366
366 670
670 632
632 622
622 510
510 537
537 571
571 74
74 64
64 476
476 346
346 180
180 602
602 401
401 308
308 754
754 301
301 397
397 878
878 161
161 947
947 822
822 32
32 621
621 874
874 225
225 402
402 650
650 459
459 599
599 296
296 743
743 642
642 268
268 171
171 38
38 987
987 872
872 49
49 539
539 769
769 188
188 515
515 999
999 311
311 830
830 89
89 726
726 554
554 709
709 179
179 849
849 391
391 451
451 748
748 126
126 400
400 272
272 965
965 767
767 725
725 125
125 979
979 309
309 860
860 762
762 330
330 792
792 157
157 479
479 360
360 337
337 62
62 276
276 899
899 518
518 418
418 741
741 355
355 304
304 242
242 937
937 404
404 129
129 526
526 94
94 376
376 325
325 370
370 122
122 483
483 435
435 423
423 877
877 177
177 975
975 876
876 33
33 340
340 412
412 93
93 837
837 487
487 53
53 63
63 85
85 719
719 34
34 81
81 887
887 257
257 2
2 255
255 111
111 475
475 614
614 41
41 738
738 100
100 575
575 914
914 155
155 807
807 149
149 583
583 589
589 848
848 668
668 512
512 924
924 195
195 44
44 770
770 665
665 542
542 484
484 302
302 392
392 270
270 103
103 252
252 998
998 250
250 407
407 323
323 549
549 956
956 615
615 672
672 88
88 594
594 374
374 885
885 223
223 586
586 398
398 48
48 911
911 890
890 847
847 674
674 417
417 521
521 339
339 247
247 605
605 132
132 466
466 3
3 288
288 834
834 814
814 657
657 895
895 932
932 378
378 506
506 102
102 56
56 880
880 142
142 384
384 659
659 929
929 638
638 1000
1000 824
824 763
763 647
647 352
352 211
211 513
513 994
994 449
449 524
524 503
503 713
713 992
992 555
555 893
893 390
390 139
139 786
786 922
922 167
167 368
368 115
115 186
186 827
827 96
96 625
625 648
648 588
588 888
888 394
394 732
732 137
137 861
861 238
238 842
842 696
696 690
690 16
16 852
852 263
263 577
577 799
799 335
335 183
183 995
995 945
945 953
953 765
765 501
501 388
388 414
414 29
29 654
654 530
530 811
811 205
205 467
467 905
905 806
806 934
934 292
292 98
98 835
835 158
158 730
730 607
607 582
582 993
993 678
678 191
191 5
5 901
901 716
716 616
616 759
759 620
620 457
457 357
357 635
635 354
354 69
69 504
504 143
143 649
649 561
561 857
857 341
341 403
403 291
291 6
6 212
212 714
714 112
112 19
19 667
667 31
31 652
652 322
322 920
920 573
573 314
314 541
541 227
227 496
496 198
198 809
809 105
105 266
266 629
629 821
821 141
141 373
373 701
701 547
547 148
148 660
660 836
836 628
628 65
65 387
387 624
624 101
101 123
123 201
201 76
76 192
192 433
433 232
232 329
329 194
194 284
284 343
343 399
399 651
651 980
980 497
497 793
793 988
988 421
421 290
290 720
720 990
990 522
522 565
565 739
739 27
27 447
447 643
643 202
202 182
182 952
952 331
331 851
851 788
788 349
349 75
75 923
923 60
60 707
707 768
768 840
840 866
866 691
691 118
118 603
603 791
791 67
67 570
570 176
176 804
804 239
239 436
436 427
427 324
324 609
609 675
675 280
280 758
758 584
584 871
871 395
395 815
815 379
379 558
558 855
855 131
131 633
633 434
434 777
777 120
120 564
564 903
903 184
184 133
133 689
689 580
580 128
128 481
481 278
278 165
165 200
200 700
700 705
705 234
234 982
982 535
535 18
18 750
750 930
930 673
673 42
42 169
169 780
780 704
704 776
776 733
733 915
915 946
946 540
540 21
21 208
208 617
617 156
156 681
681 480
480 939
939 196
196 151
151 627
627 138
138 80
80 57
57 259
259 456
456 894
894 46
46 464
464 692
692 462
462 977
977 253
253 134
134 377
377 410
410 533
533 25
25 868
868 918
918 121
121 557
557 14
14 948
948 342
342 523
523 897
897 213
213 10
10 482
482 240
240 976
976 592
592 256
256 859
859 106
106 430
430 974
974 237
237 967
967 495
495 36
36 458
458 461
461 825
825 917
917 493
493 528
528 938
938 490
490 310
310 551
551 275
275 644
644 630
630 207
207 900
900 972
972 742
742 693
693 865
865 294
294 348
348 54
54 168
168 1
1 251
251 488
488 381
381 68
68 298
298 636
636 353
353 494
494 229
229 538
538 344
344 474
474 747
747 921
921 845
845 931
931 805
805 862
862 666
666 505
505 375
375 682
682 24
24 968
968 819
819 222
222 826
826 393
393 332
332 881
881 639
639 585
585 634
634 548
548 356
356 472
472 9
9 568
568 220
220 818
818 189
189 764
764 145
145 405
405 831
831 680
680 440
440 159
159 661
661 925
925 409
409 8
8 469
469 364
364 15
15 683
683 215
215 83
83 249
249 369
369 441
441 12
12 214
214 87
87 808
808 784
784 794
794 318
318 140
140 107
107 235
235 453
453 243
243 996
996 233
233 245
245 882
882 578
578 190
190 136
136 694
694 731
731 812
812 597
597 432
432 382
382 362
362 519
519 613
613 983
983 907
907 685
685 231
231 841
841 957
957 228
228 258
258 619
619 181
181 596
596 361
361 723
723 116
116 321
321 351
351 753
753 463
463 843
843 981
981 708
708 559
559 485
485 867
867 879
879 289
289 326
326 437
437 536
536 59
59 823
823 789
789 684
684 216
216 810
810 688
688 612
612 70
70 525
525 150
150 886
886 35
35 345
345 781
781 315
315 933
933 61
61 604
604 671
671 869
869 641
641 631
631 703
703 413
413 950
950 45
45 942
942 514
514 113
113 71
71 363
363 964
964 446
446 43
43 448
448 319
319 779
