yes
965 582
582 717
717 897
897 97
97 241
241 234
234 958
958 99
99 553
553 62
62 192
192 200
200 479
479 207
207 166
166 132
132 60
60 411
411 23
23 561
561 247
247 251
251 41
41 679
679 516
516 136
136 90
90 222
222 872
872 88
88 565
565 724
724 541
541 350
350 878
878 742
742 463
463 457
457 595
595 341
341 590
590 363
363 370
370 432
432 612
612 125
125 663
663 608
608 568
568 509
509 907
907 25
25 925
925 524
524 940
940 204
204 605
605 615
615 186
186 854
854 722
722 545
545 123
123 59
59 592
592 687
687 574
574 103
103 887
887 860
860 153
153 417
417 12
12 710
710 972
972 158
158 750
750 929
929 617
617 121
121 530
530 198
198 496
496 66
66 805
805 594
594 844
844 597
597 670
670 144
144 644
644 789
789 531
531 681
681 662
662 211
211 346
346 628
628 567
567 700
700 420
420 548
548 753
753 188
188 546
546 197
197 364
364 122
122 40
40 450
450 135
135 351
351 501
501 14
14 862
862 352
352 797
797 764
764 74
74 740
740 765
765 802
802 699
699 903
903 974
974 661
661 349
349 422
422 159
159 977
977 36
36 709
709 503
503 239
239 107
107 869
869 210
210 475
475 751
751 394
394 757
757 554
554 440
440 255
255 883
883 78
78 300
300 822
822 245
245 259
259 149
149 265
265 34
34 659
659 57
57 672
672 284
284 287
287 756
756 720
720 562
562 423
423 392
392 560
560 521
521 71
71 618
618 464
464 279
279 733
733 254
254 387
387 604
604 246
246 305
305 984
984 223
223 146
146 884
884 152
152 11
11 80
80 870
870 904
904 371
371 390
390 38
38 627
627 843
843 744
744 46
46 514
514 534
534 648
648 737
737 759
759 111
111 225
225 952
952 732
732 30
30 902
902 220
220 236
236 623
623 664
664 164
164 718
718 799
799 721
721 622
622 8
8 986
986 230
230 680
680 557
557 579
579 127
127 268
268 707
707 690
690 43
43 820
820 684
684 683
683 781
781 141
141 93
93 803
803 256
256 226
226 609
609 937
937 558
558 108
108 511
511 486
486 832
832 806
806 755
755 262
262 585
585 666
666 599
599 855
855 218
218 94
94 319
319 693
693 474
474 573
573 523
523 206
206 360
360 823
823 407
407 232
232 323
323 616
616 845
845 271
271 293
293 508
508 347
347 506
506 634
634 983
983 784
784 35
35 297
297 421
421 388
388 970
970 416
416 564
564 966
966 847
847 995
995 331
331 400
400 889
889 988
988 64
64 779
779 515
515 413
413 431
431 827
827 529
529 379
379 401
401 650
650 112
112 813
813 290
290 324
324 848
848 909
909 694
694 221
221 70
70 621
621 52
52 50
50 405
405 492
492 75
75 807
807 382
382 549
549 2
2 91
91 179
179 322
322 963
963 336
336 739
739 770
770 213
213 518
518 932
932 157
157 160
160 17
17 429
429 452
452 638
638 118
118 250
250 86
86 145
145 651
651 994
994 330
330 406
406 27
27 858
858 625
625 921
921 767
767 181
181 242
242 314
314 410
410 653
653 691
691 385
385 19
19 610
610 283
283 328
328 374
374 302
302 774
774 219
219 184
184 266
266 773
773 795
795 21
21 596
596 68
68 104
104 668
668 154
154 355
355 277
277 856
856 671
671 18
18 275
275 864
864 538
538 491
491 187
187 607
607 189
189 45
45 923
923 403
403 321
321 499
499 593
593 257
257 927
927 58
58 92
92 809
809 377
377 901
901 56
56 216
216 818
818 588
588 736
736 787
787 726
726 201
201 796
796 87
87 917
917 77
77 635
635 426
426 510
510 348
348 556
556 876
876 706
706 637
637 569
569 448
448 465
465 912
912 842
842 665
665 804
804 316
316 5
5 495
495 730
730 442
442 114
114 329
329 288
288 613
613 15
15 729
729 675
675 725
725 790
790 890
890 942
942 427
427 698
698 881
881 13
13 195
195 533
533 522
522 611
611 577
577 716
716 598
598 380
380 656
656 233
233 944
944 462
462 229
229 95
95 408
408 745
745 445
445 775
775 178
178 270
270 231
231 342
342 306
306 930
930 727
727 397
397 771
771 928
928 821
821 3
3 65
65 861
861 424
424 543
543 389
389 719
719 933
933 669
669 873
873 852
852 130
130 500
500 296
296 294
294 905
905 643
643 196
196 484
484 632
632 494
494 816
816 20
20 10
10 217
217 228
228 782
782 273
273 504
504 525
525 794
794 838
838 261
261 224
224 703
703 874
874 454
454 880
880 174
174 252
252 172
172 603
603 171
171 356
356 404
404 859
859 366
366 393
393 466
466 915
915 395
395 631
631 846
846 358
358 824
824 996
996 578
578 969
969 851
851 911
911 67
67 44
44 456
456 505
505 559
559 853
853 552
552 772
772 476
476 205
205 749
749 544
544 258
258 761
761 148
148 470
470 676
676 769
769 449
449 704
704 248
248 338
338 309
309 885
885 657
657 4
4 243
243 177
177 137
137 461
461 106
106 203
203 981
981 320
320 373
373 591
591 84
84 368
368 975
975 378
378 677
677 947
947 924
924 498
498 882
882 891
891 980
980 572
572 886
886 308
308 939
939 436
436 935
935 619
619 626
626 877
877 398
398 425
425 640
640 54
54 793
793 868
868 126
126 131
131 968
968 430
430 685
685 28
28 109
109 865
865 383
383 808
808 335
335 949
949 735
735 428
428 487
487 333
333 47
47 758
758 985
985 601
601 602
602 728
728 961
961 800
800 705
705 955
955 307
307 777
777 317
317 956
956 435
435 39
39 900
900 85
85 647
647 165
165 237
237 96
96 61
61 113
113 686
686 922
922 175
175 743
743 489
489 892
892 281
281 997
997 836
836 16
16 964
964 51
51 741
741 285
285 134
134 825
825 240
240 830
830 652
652 369
369 976
976 55
55 527
527 776
776 37
37 624
624 361
361 992
992 151
151 570
570 161
161 833
833 863
863 345
345 438
438 468
468 583
583 899
899 48
48 276
276 934
934 971
971 100
100 482
482 682
682 712
712 310
310 9
9 786
786 29
29 957
957 340
340 654
654 960
960 914
914 332
332 953
953 641
641 98
98 337
337 999
999 667
667 512
512 434
434 472
472 989
989 301
301 563
563 791
791 551
551 312
312 841
841 896
896 798
798 979
979 898
898 655
655 658
658 133
133 734
734 419
419 526
526 488
488 208
208 674
674 785
785 831
831 646
646 817
817 183
183 459
459 982
982 260
260 849
849 528
528 116
116 715
715 519
519 766
766 163
163 620
620 415
415 110
110 587
587 298
298 746
746 274
274 688
688 711
711 453
453 42
42 299
299 837
837 642
642 697
697 575
575 477
477 444
444 119
119 375
375 829
829 280
280 140
140 857
857 446
446 399
399 263
263 402
402 267
267 926
926 950
950 606
606 26
26 441
441 105
105 502
502 199
199 272
272 763
763 801
801 303
303 291
291 550
550 762
762 326
326 908
908 600
600 458
458 888
888 792
792 180
180 362
362 788
788 396
396 344
344 723
723 810
810 814
814 959
959 778
778 768
768 384
384 542
542 227
227 826
826 645
645 53
53 167
167 81
81 938
938 866
866 547
547 630
630 286
286 875
875 692
692 993
993 895
895 304
304 443
443 948
948 115
115 945
945 738
738 414
414 76
76 536
536 334
334 289
289 357
357 69
69 589
589 313
313 910
910 156
156 376
376 978
978 780
780 580
580 840
840 409
409 485
485 381
381 497
497 811
811 89
89 367
367 673
673 418
418 713
713 269
269 391
391 639
639 954
954 194
194 1000
1000 191
191 138
138 480
480 73
73 278
278 483
483 460
460 871
871 63
63 343
343 689
689 614
614 6
6 249
249 708
708 731
731 633
633 215
215 867
867 555
555 49
49 129
129 660
660 22
22 128
128 79
79 353
353 101
101 437
437 566
566 835
835 176
176 649
649 532
532 24
24 72
72 812
812 412
412 325
325 142
142 783
783 214
214 469
469 701
701 147
147 1
1 936
936 828
828 359
359 987
987 481
481 967
967 752
752 471
471 478
478 748
748 919
919 169
169 540
540 282
282 951
951 990
990 581
581 931
931 339
339 918
918 998
998 893
893 695
695 190
190 473
473 83
83 202
202 433
433 490
490 513
513 584
584 916
916 168
168 678
678 209
209 292
292 386
386 193
193 819
819 117
117 120
120 33
33 182
182 760
760 834
834 943
943 253
253 235
235 941
941 150
150 850
850 696
696 493
493 946
946 238
238 264
264 244
244 879
879 815
815 143
143 962
962 714
714 212
212 629
629 162
162 327
327 7
7 906
906 894
894 32
32 295
295 754
754 155
155 318
318 973
973 124
124 170
170 139
139 467
467 702
702 636
636 31
31 839
839 315
315 571
571 507
507 102
102 535
535 185
185 365
365 537
537 372
372 354
354 311
311 447
447 920
920 539
539 82
82 173
173 451
451 576
576 747
747 520
520 586
586 913
913 455
455 517
517 991
991 439
439 965
