yes
523 546
546 592
592 795
795 466
466 197
197 669
669 104
104 842
842 649
649 744
744 538
538 741
741 910
910 257
257 171
171 480
480 550
550 859
859 311
311 512
512 625
625 154
154 790
790 693
693 945
945 587
587 304
304 402
402 399
399 396
396 775
775 300
300 793
793 865
865 136
136 710
710 869
869 489
489 367
367 360
360 984
984 936
936 683
683 670
670 14
14 886
886 826
826 673
673 319
319 626
626 890
890 819
819 387
387 312
312 114
114 55
55 955
955 186
186 786
786 554
554 854
854 465
465 680
680 303
303 134
134 640
640 422
422 483
483 184
184 751
751 914
914 471
471 694
694 534
534 701
701 419
419 230
230 281
281 424
424 355
355 563
563 80
80 736
736 527
527 390
390 219
219 830
830 949
949 848
848 494
494 667
667 173
173 274
274 8
8 521
521 7
7 375
375 145
145 603
603 888
888 358
358 218
218 829
829 41
41 966
966 757
757 655
655 351
351 124
124 1000
1000 551
551 364
364 438
438 509
509 726
726 668
668 810
810 917
917 146
146 108
108 885
885 366
366 48
48 414
414 541
541 486
486 851
851 933
933 362
362 331
331 405
405 99
99 15
15 867
867 570
570 54
54 614
614 347
347 272
272 982
982 981
981 196
196 388
388 254
254 226
226 216
216 460
460 68
68 828
828 954
954 120
120 139
139 221
221 342
342 508
508 434
434 516
516 948
948 374
374 144
144 248
248 138
138 130
130 658
658 748
748 260
260 499
499 224
224 266
266 296
296 155
155 168
168 839
839 765
765 968
968 556
556 703
703 980
980 987
987 825
825 928
928 359
359 901
901 824
824 837
837 249
249 35
35 817
817 639
639 448
448 148
148 187
187 511
511 764
764 759
759 306
306 64
64 442
442 453
453 314
314 947
947 369
369 484
484 636
636 305
305 29
29 151
151 183
183 242
242 708
708 70
70 73
73 794
794 622
622 451
451 404
404 873
873 61
61 754
754 827
827 62
62 181
181 350
350 286
286 876
876 467
467 962
962 142
142 112
112 581
581 323
323 95
95 666
666 959
959 204
204 401
401 648
648 815
815 844
844 115
115 671
671 864
864 776
776 110
110 464
464 650
650 22
22 475
475 177
177 195
195 341
341 872
872 345
345 602
602 275
275 132
132 292
292 315
315 612
612 500
500 217
217 409
409 665
665 560
560 821
821 875
875 415
415 882
882 912
912 333
333 276
276 200
200 769
769 153
153 977
977 591
591 143
143 613
613 960
960 756
756 326
326 801
801 19
19 598
598 172
172 44
44 897
897 4
4 803
803 133
133 211
211 557
557 569
569 252
252 239
239 455
455 456
456 645
645 324
324 597
597 269
269 657
657 395
395 327
327 528
528 328
328 510
510 429
429 246
246 644
644 293
293 13
13 697
697 313
313 262
262 813
813 232
232 768
768 237
237 299
299 413
413 595
595 107
107 883
883 518
518 763
763 310
310 340
340 135
135 877
877 400
400 162
162 98
98 329
329 49
49 579
579 840
840 52
52 855
855 31
31 863
863 452
452 950
950 707
707 610
610 278
278 263
263 533
533 836
836 985
985 606
606 361
361 436
436 23
23 308
308 561
561 913
913 553
553 688
688 105
105 659
659 672
672 127
127 679
679 802
802 353
353 205
205 919
919 788
788 425
425 924
924 704
704 225
225 102
102 26
26 175
175 493
493 722
722 398
398 229
229 201
201 728
728 356
356 206
206 50
50 474
474 28
28 988
988 642
642 774
774 188
188 446
446 234
234 871
871 880
880 202
202 961
961 363
363 656
656 470
470 264
264 957
957 923
923 631
631 852
852 526
526 681
681 524
524 856
856 411
411 156
156 92
92 568
568 849
849 334
334 236
236 857
857 178
178 240
240 638
638 71
71 834
834 811
811 545
545 472
472 481
481 157
157 690
690 747
747 160
160 891
891 185
185 952
952 140
140 426
426 752
752 37
37 179
179 122
122 651
651 192
192 482
482 862
862 755
755 462
462 789
789 562
562 931
931 56
56 320
320 38
38 27
27 573
573 11
11 777
777 3
3 289
289 632
632 12
12 228
228 332
332 994
994 548
548 599
599 930
930 641
641 835
835 580
580 9
9 565
565 549
549 428
428 781
781 408
408 280
280 559
559 884
884 235
235 284
284 942
942 431
431 716
716 797
797 478
478 627
627 495
495 66
66 287
287 542
542 870
870 223
223 633
633 106
106 33
33 167
167 889
889 207
207 265
265 742
742 784
784 767
767 975
975 447
447 766
766 42
42 496
496 823
823 17
17 91
91 116
116 163
163 838
838 454
454 894
894 376
376 818
818 731
731 199
199 285
285 833
833 298
298 372
372 616
616 377
377 164
164 273
273 812
812 895
895 661
661 618
618 170
170 749
749 529
529 203
203 972
972 392
392 739
739 652
652 976
976 189
189 506
506 663
663 457
457 373
373 63
63 309
309 261
261 488
488 915
915 34
34 458
458 939
939 564
564 646
646 101
101 916
916 675
675 317
317 182
182 846
846 714
714 932
932 294
294 686
686 737
737 974
974 88
88 940
940 909
909 302
302 958
958 662
662 174
174 699
699 700
700 654
654 180
180 540
540 288
288 969
969 84
84 908
908 344
344 643
643 619
619 321
321 25
25 440
440 906
906 74
74 589
589 850
850 469
469 113
113 847
847 698
698 753
753 991
991 536
536 689
689 220
220 490
490 816
816 85
85 198
198 93
93 295
295 497
497 543
543 166
166 861
861 370
370 995
995 735
735 45
45 750
750 929
929 896
896 397
397 190
190 60
60 479
479 979
979 892
892 792
792 611
611 899
899 853
853 90
90 86
86 709
709 514
514 588
588 743
743 998
998 881
881 450
450 804
804 24
24 715
715 713
713 339
339 635
635 628
628 318
318 30
30 719
719 990
990 491
491 349
349 389
389 212
212 705
705 57
57 354
354 432
432 967
967 504
504 594
594 301
301 476
476 492
492 251
251 348
348 437
437 238
238 250
250 630
630 571
571 926
926 247
247 445
445 999
999 920
920 427
427 379
379 507
507 378
378 16
16 997
997 893
893 233
233 937
937 692
692 169
169 346
346 441
441 126
126 21
21 647
647 678
678 53
53 653
653 283
283 992
992 927
927 535
535 758
758 381
381 420
420 412
412 684
684 773
773 82
82 268
268 874
874 798
798 720
720 537
537 117
117 498
498 371
371 393
393 161
161 386
386 69
69 297
297 887
887 706
706 685
685 809
809 231
231 515
515 36
36 435
435 245
245 799
799 282
282 43
43 176
176 6
6 227
227 779
779 423
423 605
605 111
111 608
608 131
131 745
745 222
222 820
820 103
103 473
473 147
147 58
58 782
782 805
805 72
72 368
368 868
868 695
695 243
243 94
94 137
137 687
687 191
191 337
337 866
866 935
935 951
951 921
921 567
567 357
357 503
503 129
129 996
996 501
501 213
213 724
724 271
271 770
770 158
158 922
922 96
96 682
682 624
624 761
761 577
577 18
18 778
778 729
729 149
149 806
806 241
241 787
787 723
723 674
674 762
762 255
255 660
660 971
971 325
325 79
79 444
444 575
575 244
244 558
558 780
780 800
800 383
383 485
485 831
831 944
944 900
900 468
468 593
593 691
691 2
2 384
384 623
623 459
459 965
965 607
607 119
119 993
993 449
449 406
406 963
963 214
214 566
566 258
258 555
555 664
664 32
32 532
532 582
582 583
583 943
943 832
832 530
530 210
210 822
822 733
733 721
721 430
430 956
956 934
934 316
316 727
727 194
194 267
267 433
433 463
463 771
771 907
907 970
970 730
730 696
696 209
209 39
39 547
547 544
544 712
712 814
814 584
584 941
941 629
629 858
858 903
903 10
10 634
634 740
740 461
461 352
352 677
677 600
600 620
620 807
807 256
256 519
519 123
123 391
391 502
502 539
539 40
40 128
128 307
307 902
902 365
365 477
477 596
596 911
911 586
586 385
385 520
520 989
989 343
343 47
47 77
77 100
100 841
841 78
78 290
290 717
717 322
322 845
845 394
394 808
808 416
416 725
725 973
973 410
410 525
525 983
983 718
718 487
487 904
904 617
617 531
531 65
65 772
772 165
165 621
621 335
335 76
76 277
277 783
783 978
978 964
964 590
590 51
51 109
109 1
1 380
380 585
585 601
601 270
270 572
572 121
121 159
159 938
938 785
785 578
578 734
734 517
517 59
59 118
118 576
576 330
330 615
615 150
150 193
193 279
279 552
552 905
905 89
89 20
20 417
417 609
609 946
946 421
421 141
141 702
702 738
738 215
215 81
81 75
75 67
67 796
796 418
418 918
918 125
125 382
382 403
403 746
746 791
791 574
574 860
860 711
711 760
760 878
878 208
208 637
637 83
83 925
925 898
898 676
676 97
97 443
443 259
259 513
513 152
152 336
336 5
5 843
843 291
291 87
87 879
879 46
46 732
732 505
505 604
604 407
407 338
338 253
253 522
522 953
953 986
986 439
439 523
