yes
430 166
166 130
130 526
526 217
217 31
31 711
711 746
746 189
189 503
503 569
569 174
174 702
702 267
267 33
33 750
750 731
731 241
241 132
132 628
628 264
264 344
344 273
273 994
994 400
400 641
641 292
292 147
147 534
534 978
978 340
340 254
254 291
291 697
697 30
30 563
563 719
719 110
110 496
496 652
652 304
304 890
890 743
743 1
1 773
773 805
805 686
686 134
134 184
184 844
844 763
763 122
122 38
38 74
74 589
589 772
772 733
733 682
682 522
522 307
307 151
151 120
120 747
747 14
14 12
12 395
395 564
564 851
851 784
784 101
101 845
845 627
627 70
70 586
586 105
105 445
445 500
500 417
417 454
454 480
480 567
567 655
655 958
958 756
756 809
809 642
642 815
815 484
484 538
538 425
425 372
372 308
308 55
55 401
401 886
886 337
337 325
325 495
495 327
327 606
606 580
580 154
154 613
613 296
296 744
744 891
891 949
949 974
974 275
275 21
21 104
104 330
330 957
957 769
769 88
88 198
198 799
799 87
87 718
718 341
341 239
239 224
224 434
434 249
249 519
519 232
232 84
84 22
22 99
99 171
171 482
482 142
142 245
245 551
551 39
39 102
102 847
847 414
414 259
259 444
444 840
840 607
607 632
632 371
371 227
227 683
683 286
286 128
128 60
60 816
816 779
779 636
636 895
895 965
965 790
790 980
980 864
864 991
991 887
887 562
562 370
370 281
281 512
512 878
878 932
932 918
918 137
137 561
561 294
294 941
941 182
182 332
332 675
675 406
406 114
114 680
680 486
486 925
925 412
412 923
923 3
3 920
920 926
926 62
62 103
103 739
739 681
681 934
934 348
348 334
334 157
157 801
801 5
5 398
398 892
892 635
635 96
96 366
366 524
524 919
919 201
201 970
970 565
565 792
792 219
219 2
2 256
256 462
462 513
513 257
257 640
640 431
431 287
287 771
771 706
706 964
964 899
899 168
168 37
37 411
411 428
428 928
928 867
867 508
508 42
42 956
956 953
953 540
540 566
566 175
175 830
830 283
283 707
707 796
796 940
940 226
226 112
112 977
977 301
301 373
373 121
121 336
336 531
531 199
199 173
173 394
394 649
649 962
962 935
935 599
599 209
209 695
695 180
180 25
25 440
440 402
402 587
587 911
911 661
661 48
48 696
696 475
475 408
408 466
466 777
777 347
347 478
478 271
271 861
861 474
474 556
556 207
207 764
764 133
133 578
578 639
639 351
351 749
749 950
950 24
24 806
806 131
131 848
848 502
502 903
903 693
693 282
282 268
268 75
75 314
314 618
618 441
441 901
901 135
135 468
468 721
721 605
605 6
6 289
289 362
362 849
849 65
65 622
622 601
601 931
931 243
243 927
927 879
879 922
922 757
757 313
313 236
236 914
914 871
871 758
758 856
856 312
312 659
659 355
355 266
266 541
541 350
350 824
824 846
846 621
621 893
893 808
808 432
432 725
725 822
822 118
118 740
740 338
338 860
860 915
915 986
986 108
108 208
208 422
422 862
862 499
499 909
909 574
574 600
600 90
90 127
127 357
357 235
235 654
654 961
961 837
837 969
969 139
139 775
775 354
354 590
590 391
391 959
959 995
995 699
699 924
924 32
32 759
759 240
240 155
155 300
300 470
470 954
954 770
770 670
670 106
106 119
119 795
795 713
713 501
501 597
597 49
49 509
509 385
385 676
676 150
150 393
393 722
722 448
448 152
152 69
69 866
866 167
167 91
91 982
982 633
633 537
537 826
826 979
979 76
76 787
787 592
592 258
258 160
160 673
673 528
528 218
218 382
382 210
210 265
265 387
387 883
883 407
407 728
728 117
117 765
765 346
346 46
46 527
527 252
252 855
855 536
536 349
349 492
492 555
555 465
465 581
581 868
868 195
195 214
214 717
717 595
595 854
854 884
884 685
685 797
797 948
948 662
662 213
213 745
745 648
648 489
489 358
358 603
603 331
331 420
420 800
800 863
863 438
438 943
943 68
68 97
97 437
437 156
156 939
939 126
126 616
616 318
318 230
230 380
380 684
684 435
435 216
216 896
896 145
145 197
197 827
827 326
326 703
703 726
726 807
807 521
521 409
409 558
558 594
594 427
427 678
678 999
999 242
242 897
897 144
144 921
921 335
335 778
778 888
888 549
549 786
786 446
446 532
532 679
679 653
653 894
894 704
704 345
345 193
193 514
514 983
983 608
608 247
247 253
253 637
637 735
735 553
553 882
882 467
467 223
223 220
220 485
485 260
260 429
429 483
483 716
716 708
708 539
539 7
7 585
585 987
987 4
4 968
968 579
579 58
58 817
817 317
317 388
388 498
498 238
238 315
315 270
270 320
320 191
191 666
666 839
839 832
832 284
284 754
754 204
204 390
390 20
20 477
477 951
951 990
990 324
324 520
520 410
410 833
833 715
715 333
333 473
473 981
981 123
123 493
493 985
985 185
185 552
552 834
834 709
709 488
488 518
518 966
966 328
328 405
405 56
56 828
828 857
857 18
18 609
609 667
667 343
343 690
690 850
850 604
604 853
853 872
872 481
481 250
250 356
356 874
874 66
66 80
80 535
535 285
285 668
668 736
736 869
869 691
691 572
572 842
842 138
138 159
159 516
516 917
917 651
651 523
523 255
255 672
672 86
86 557
557 705
705 583
583 753
753 989
989 187
187 73
73 774
774 397
397 146
146 998
998 762
762 575
575 619
619 116
116 77
77 136
136 560
560 306
306 623
623 751
751 658
658 329
329 43
43 984
984 290
290 211
211 836
836 53
53 620
620 515
515 588
588 93
93 873
873 413
413 723
723 404
404 937
937 16
16 577
577 875
875 143
143 818
818 23
23 222
222 877
877 634
634 13
13 656
656 457
457 293
293 490
490 946
946 781
781 694
694 202
202 251
251 100
100 963
963 573
573 389
389 973
973 617
617 944
944 61
61 789
789 237
237 263
263 517
517 768
768 930
930 997
997 153
153 321
321 399
399 109
109 469
469 554
554 190
190 463
463 714
714 688
688 183
183 229
229 810
810 689
689 865
865 870
870 546
546 177
177 383
383 614
614 907
907 820
820 36
36 35
35 631
631 392
392 814
814 67
67 472
472 780
780 720
720 602
602 727
727 376
376 491
491 916
916 967
967 510
510 192
192 657
657 471
471 660
660 276
276 638
638 843
843 79
79 111
111 225
225 629
629 11
11 766
766 455
455 798
798 360
360 433
433 647
647 952
952 305
305 148
148 140
140 310
310 929
929 785
785 302
302 54
54 687
687 231
231 299
299 913
913 460
460 730
730 669
669 262
262 611
611 823
823 322
322 598
598 81
81 505
505 125
125 559
559 52
52 10
10 442
442 47
47 439
439 831
831 129
129 582
582 596
596 738
738 200
200 277
277 859
859 451
451 381
381 912
912 436
436 162
162 17
17 829
829 625
625 319
319 881
881 755
755 311
311 584
584 971
971 663
663 374
374 576
576 737
737 203
203 783
783 545
545 732
732 369
369 459
459 9
9 269
269 643
643 506
506 169
169 644
644 972
972 791
791 945
945 811
811 570
570 852
852 228
228 396
396 724
724 767
767 996
996 416
416 29
29 610
610 339
339 630
630 530
530 626
626 71
71 494
494 793
793 461
461 342
342 591
591 176
176 453
453 8
8 59
59 910
910 352
352 734
734 650
650 1000
1000 504
504 760
760 529
529 95
95 386
386 423
423 19
19 841
841 748
748 835
835 323
323 645
645 206
206 802
802 361
361 163
163 26
26 274
274 942
942 544
544 692
692 221
221 900
900 988
988 367
367 646
646 40
40 476
476 938
938 543
543 458
458 194
194 752
752 188
188 456
456 115
115 57
57 50
50 51
51 443
443 880
880 449
449 72
72 181
181 993
993 15
15 212
212 710
710 479
479 172
172 82
82 452
452 34
34 89
89 113
113 421
421 272
272 960
960 28
28 141
141 936
936 303
303 353
353 92
92 179
179 85
85 384
384 568
568 205
205 165
165 487
487 701
701 27
27 378
378 612
612 905
905 976
976 298
298 415
415 170
170 178
178 419
419 78
78 547
547 364
364 234
234 804
804 548
548 885
885 898
898 44
44 316
316 677
677 297
297 782
782 876
876 359
359 729
729 45
45 794
794 674
674 233
233 278
278 542
542 41
41 933
933 464
464 624
624 904
904 379
379 908
908 447
447 107
107 98
98 803
803 295
295 288
288 511
511 593
593 63
63 246
246 975
975 906
906 309
309 788
788 812
812 279
279 955
955 742
742 161
161 821
821 533
533 550
550 700
700 525
525 368
368 698
698 838
838 365
365 215
215 813
813 424
424 244
244 761
761 83
83 947
947 902
902 712
712 615
615 94
94 158
158 186
186 825
825 741
741 124
124 571
571 426
426 418
418 375
375 64
64 776
776 889
889 164
164 149
149 403
403 858
858 363
363 665
665 248
248 377
377 507
507 280
280 450
450 497
497 819
819 196
196 664
664 671
671 992
992 261
261 430
