yes
345 333
333 656
656 986
986 70
70 763
763 550
550 302
302 951
951 824
824 628
628 33
33 69
69 83
83 764
764 544
544 28
28 6
6 802
802 176
176 24
24 911
911 934
934 186
186 328
328 283
283 498
498 731
731 984
984 525
525 188
188 2
2 299
299 15
15 946
946 27
27 901
901 282
282 402
402 249
249 875
875 863
863 564
564 368
368 679
679 876
876 19
19 832
832 795
795 813
813 622
622 782
782 279
279 301
301 589
589 267
267 425
425 833
833 928
928 206
206 179
179 829
829 853
853 256
256 732
732 755
755 631
631 481
481 432
432 244
244 354
354 463
463 528
528 566
566 317
317 180
180 578
578 276
276 198
198 652
652 754
754 857
857 974
974 594
594 294
294 212
212 224
224 16
16 696
696 350
350 565
565 860
860 954
954 776
776 54
54 29
29 214
214 516
516 433
433 319
319 270
270 138
138 592
592 336
336 617
617 275
275 418
418 221
221 888
888 642
642 330
330 472
472 587
587 771
771 733
733 672
672 410
410 361
361 903
903 735
735 726
726 704
704 346
346 471
471 284
284 429
429 426
426 640
640 79
79 705
705 184
184 107
107 991
991 196
196 692
692 633
633 869
869 119
119 240
240 624
624 898
898 406
406 740
740 61
61 392
392 981
981 891
891 427
427 376
376 290
290 509
509 925
925 657
657 543
543 513
513 636
636 431
431 817
817 799
799 739
739 839
839 718
718 309
309 840
840 393
393 352
352 8
8 757
757 148
148 788
788 281
281 752
752 50
50 638
638 263
263 486
486 715
715 289
289 688
688 400
400 261
261 953
953 970
970 671
671 167
167 598
598 254
254 161
161 549
549 183
183 823
823 854
854 873
873 710
710 892
892 937
937 695
695 91
91 556
556 417
417 554
554 455
455 80
80 616
616 722
722 231
231 994
994 878
878 807
807 251
251 467
467 962
962 203
203 387
387 650
650 132
132 174
174 344
344 896
896 76
76 879
879 63
63 362
362 475
475 458
458 909
909 451
451 907
907 780
780 627
627 855
855 716
716 151
151 697
697 382
382 106
106 415
415 843
843 340
340 537
537 769
769 172
172 737
737 866
866 189
189 236
236 48
48 978
978 56
56 693
693 13
13 379
379 849
849 135
135 841
841 530
530 611
611 112
112 653
653 790
790 959
959 226
226 723
723 262
262 124
124 216
216 700
700 193
193 67
67 437
437 555
555 579
579 41
41 269
269 645
645 464
464 669
669 40
40 608
608 623
623 635
635 155
155 227
227 310
310 926
926 765
765 816
816 25
25 320
320 613
613 734
734 938
938 884
884 434
434 423
423 972
972 264
264 966
966 450
450 655
655 602
602 349
349 201
201 862
862 570
570 908
908 651
651 88
88 658
658 803
803 140
140 662
662 838
838 894
894 985
985 286
286 113
113 993
993 713
713 297
297 584
584 128
128 957
957 749
749 272
272 407
407 421
421 943
943 968
968 248
248 49
49 72
72 89
89 714
714 789
789 762
762 607
607 466
466 531
531 620
620 791
791 103
103 285
285 827
827 691
691 154
154 4
4 468
468 808
808 944
944 921
921 883
883 381
381 505
505 504
504 335
335 707
707 643
643 644
644 159
159 288
288 408
408 605
605 111
111 207
207 586
586 914
914 992
992 187
187 792
792 424
424 197
197 255
255 741
741 488
488 39
39 977
977 604
604 325
325 919
919 37
37 293
293 834
834 204
204 882
882 247
247 228
228 169
169 115
115 81
81 738
738 120
120 364
364 850
850 856
856 601
601 729
729 101
101 796
796 489
489 170
170 1000
1000 743
743 998
998 910
910 746
746 47
47 821
821 730
730 956
956 583
583 495
495 230
230 199
199 720
720 366
366 353
353 947
947 999
999 493
493 572
572 383
383 145
145 756
756 596
596 291
291 585
585 747
747 461
461 647
647 258
258 243
243 356
356 725
725 534
534 629
629 674
674 694
694 615
615 44
44 895
895 506
506 303
303 337
337 751
751 639
639 218
218 868
868 960
960 126
126 359
359 229
229 414
414 127
127 961
961 237
237 618
618 318
318 300
300 786
786 96
96 753
753 363
363 805
805 390
390 449
449 702
702 844
844 646
646 34
34 681
681 783
783 569
569 36
36 890
890 859
859 597
597 312
312 610
610 676
676 837
837 469
469 667
667 323
323 963
963 880
880 590
590 527
527 889
889 45
45 582
582 988
988 965
965 845
845 219
219 588
588 171
171 545
545 477
477 65
65 245
245 659
659 830
830 568
568 241
241 709
709 630
630 523
523 134
134 562
562 266
266 870
870 936
936 30
30 793
793 391
391 514
514 553
553 242
242 673
673 728
728 456
456 558
558 296
296 492
492 465
465 660
660 913
913 945
945 234
234 307
307 680
680 195
195 384
384 976
976 57
57 239
239 334
334 759
759 703
703 536
536 812
812 20
20 444
444 139
139 177
177 487
487 518
518 595
595 357
357 502
502 428
428 621
621 74
74 975
975 575
575 435
435 295
295 26
26 412
412 401
401 220
220 811
811 521
521 742
742 563
563 395
395 59
59 422
422 665
665 82
82 58
58 517
517 105
105 164
164 93
93 661
661 136
136 185
185 940
940 670
670 939
939 321
321 259
259 446
446 190
190 165
165 828
828 708
708 38
38 332
332 399
399 846
846 398
398 46
46 209
209 131
131 66
66 160
160 10
10 535
535 18
18 273
273 419
419 522
522 11
11 484
484 215
215 86
86 447
447 109
109 490
490 365
365 485
485 306
306 848
848 21
21 806
806 386
386 448
448 483
483 278
278 983
983 438
438 920
920 547
547 476
476 567
567 149
149 51
51 886
886 479
479 156
156 542
542 675
675 116
116 706
706 560
560 684
684 997
997 84
84 53
53 377
377 600
600 831
831 100
100 473
473 781
781 238
238 637
637 904
904 952
952 632
632 614
614 394
394 442
442 768
768 712
712 409
409 360
360 861
861 923
923 727
727 524
524 137
137 102
102 538
538 819
819 129
129 777
777 581
581 603
603 515
515 181
181 887
887 748
748 211
211 43
43 327
327 931
931 800
800 404
404 798
798 250
250 532
532 815
815 480
480 141
141 775
775 130
130 104
104 470
470 144
144 933
933 178
178 331
331 396
396 210
210 744
744 191
191 924
924 942
942 200
200 491
491 625
625 454
454 559
559 990
990 94
94 222
222 122
122 260
260 529
529 508
508 192
192 274
274 711
711 343
343 436
436 380
380 92
92 678
678 690
690 552
552 158
158 208
208 117
117 341
341 85
85 292
292 166
166 797
797 852
852 31
31 233
233 168
168 305
305 5
5 948
948 881
881 287
287 593
593 316
316 441
441 871
871 439
439 372
372 941
941 902
902 378
378 153
153 12
12 311
311 358
358 277
277 982
982 858
858 971
971 482
482 246
246 370
370 606
606 973
973 512
512 774
774 403
403 767
767 157
157 526
526 411
411 995
995 217
217 766
766 385
385 87
87 348
348 770
770 125
125 969
969 719
719 557
557 810
810 649
649 893
893 268
268 778
778 864
864 609
609 761
761 17
17 114
114 194
194 351
351 347
347 7
7 507
507 9
9 872
872 342
342 641
641 772
772 496
496 668
668 257
257 865
865 905
905 78
78 511
511 551
551 835
835 55
55 77
77 397
397 326
326 73
73 599
599 32
32 374
374 804
804 71
71 979
979 745
745 666
666 459
459 315
315 118
118 874
874 416
416 533
533 314
314 915
915 271
271 235
235 497
497 163
163 922
922 809
809 561
561 510
510 877
877 329
329 916
916 958
958 967
967 225
225 123
123 717
717 897
897 152
152 453
453 779
779 355
355 173
173 573
573 304
304 773
773 580
580 443
443 867
867 202
202 52
52 3
3 133
133 577
577 162
162 420
420 99
99 820
820 457
457 253
253 182
182 818
818 371
371 308
308 265
265 520
520 175
175 648
648 571
571 143
143 413
413 932
932 108
108 964
964 698
698 478
478 213
213 539
539 918
918 935
935 686
686 801
801 322
322 97
97 664
664 440
440 313
313 955
955 687
687 501
501 519
519 405
405 576
576 814
814 950
950 223
223 724
724 980
980 338
338 388
388 430
430 68
68 930
930 619
619 90
90 736
736 474
474 826
826 760
760 22
22 150
150 375
375 14
14 462
462 677
677 60
60 912
912 787
787 1
1 546
546 885
885 205
205 280
280 452
452 62
62 758
758 663
663 785
785 591
591 634
634 503
503 367
367 75
75 298
298 836
836 927
927 929
929 373
373 847
847 110
110 541
541 574
574 499
499 121
121 996
996 369
369 685
685 949
949 64
64 42
42 548
548 389
389 339
339 689
689 721
721 989
989 540
540 445
445 146
146 654
654 750
750 987
987 899
899 460
460 612
612 784
784 842
842 232
232 699
699 683
683 900
900 98
98 500
500 906
906 95
95 23
23 794
794 252
252 494
494 825
825 682
682 324
324 851
851 626
626 142
142 35
35 147
147 822
822 917
917 701
701 345
