yes
43 243
243 746
746 37
37 411
411 350
350 504
504 833
833 461
461 582
582 358
358 248
248 780
780 679
679 644
644 802
802 579
579 883
883 275
275 354
354 608
608 683
683 226
226 293
293 503
503 426
426 599
599 961
961 206
206 474
474 749
749 530
530 496
496 514
514 867
867 737
737 277
277 521
521 10
10 304
304 622
622 295
295 653
653 933
933 897
897 850
850 811
811 270
270 229
229 186
186 878
878 793
793 750
750 665
665 337
337 781
781 633
633 977
977 330
330 77
77 223
223 734
734 258
258 740
740 207
207 778
778 870
870 554
554 777
777 767
767 481
481 913
913 216
216 459
459 726
726 364
364 649
649 511
511 197
197 259
259 311
311 398
398 790
790 668
668 404
404 403
403 85
85 836
836 297
297 372
372 360
360 763
763 518
518 160
160 955
955 386
386 463
463 906
906 177
177 81
81 486
486 221
221 274
274 892
892 733
733 33
33 84
84 317
317 732
732 513
513 934
934 664
664 529
529 123
123 252
252 472
472 83
83 658
658 351
351 319
319 930
930 678
678 173
173 956
956 942
942 365
365 237
237 401
401 200
200 244
244 872
872 339
339 283
283 314
314 986
986 59
59 236
236 719
719 854
854 818
818 405
405 779
779 451
451 654
654 349
349 770
770 821
821 969
969 285
285 381
381 233
233 491
491 660
660 687
687 822
822 51
51 213
213 794
794 50
50 89
89 928
928 988
988 264
264 752
752 166
166 676
676 650
650 495
495 96
96 109
109 896
896 289
289 119
119 505
505 978
978 718
718 772
772 516
516 142
142 250
250 455
455 620
620 792
792 939
939 418
418 399
399 27
27 677
677 589
589 549
549 475
475 786
786 744
744 69
69 580
580 560
560 179
179 803
803 670
670 607
607 972
972 642
642 936
936 812
812 187
187 681
681 672
672 565
565 480
480 183
183 981
981 624
624 995
995 246
246 507
507 220
220 425
425 954
954 271
271 682
682 657
657 723
723 585
585 156
156 636
636 553
553 562
562 305
305 439
439 761
761 960
960 907
907 313
313 255
255 634
634 479
479 532
532 121
121 73
73 316
316 312
312 837
837 738
738 814
814 796
796 741
741 462
462 189
189 923
923 447
447 300
300 115
115 945
945 561
561 717
717 996
996 410
410 966
966 712
712 149
149 695
695 436
436 619
619 441
441 254
254 605
605 218
218 231
231 143
143 506
506 446
446 20
20 147
147 323
323 310
310 104
104 667
667 31
31 469
469 935
935 377
377 699
699 697
697 890
890 673
673 817
817 391
391 422
422 400
400 487
487 158
158 256
256 528
528 776
776 477
477 171
171 131
131 172
172 114
114 133
133 106
106 359
359 751
751 456
456 674
674 34
34 120
120 920
920 908
908 164
164 272
272 196
196 493
493 408
408 176
176 228
228 13
13 946
946 54
54 392
392 637
637 666
666 916
916 145
145 374
374 78
78 509
509 168
168 92
92 630
630 247
247 165
165 669
669 564
564 799
799 124
124 240
240 545
545 857
857 627
627 136
136 588
588 278
278 260
260 865
865 415
415 25
25 146
146 775
775 167
167 609
609 856
856 209
209 444
444 58
58 868
868 748
748 452
452 454
454 520
520 38
38 645
645 47
47 600
600 282
282 709
709 784
784 967
967 443
443 341
341 659
659 442
442 912
912 574
574 753
753 702
702 288
288 17
17 925
925 16
16 583
583 721
721 648
648 866
866 773
773 467
467 55
55 449
449 29
29 765
765 885
885 53
53 862
862 590
590 129
129 464
464 345
345 535
535 971
971 71
71 501
501 603
603 222
222 482
482 126
126 63
63 267
267 105
105 558
558 162
162 318
318 848
848 941
941 745
745 859
859 476
476 342
342 273
273 56
56 629
629 9
9 632
632 701
701 975
975 766
766 584
584 847
847 362
362 6
6 201
201 900
900 57
57 526
526 576
576 947
947 601
601 573
573 298
298 569
569 137
137 192
192 901
901 238
238 385
385 575
575 82
82 44
44 473
473 898
898 241
241 820
820 130
130 388
388 198
198 827
827 7
7 704
704 291
291 308
308 578
578 742
742 421
421 327
327 140
140 48
48 992
992 999
999 903
903 838
838 979
979 19
19 797
797 843
843 99
99 65
65 492
492 42
42 703
703 390
390 368
368 604
604 423
423 614
614 559
559 631
631 356
356 782
782 499
499 825
825 976
976 212
212 572
572 926
926 367
367 49
49 424
424 60
60 433
433 28
28 861
861 90
90 747
747 417
417 754
754 760
760 974
974 524
524 329
329 774
774 788
788 957
957 686
686 724
724 829
829 846
846 242
242 332
332 299
299 743
743 643
643 689
689 361
361 860
860 409
409 174
174 355
355 728
728 895
895 303
303 617
617 638
638 217
217 170
170 150
150 363
363 905
905 22
22 568
568 541
541 458
458 402
402 950
950 294
294 352
352 11
11 8
8 731
731 485
485 546
546 984
984 517
517 937
937 41
41 831
831 958
958 113
113 249
249 663
663 434
434 982
982 922
922 739
739 384
384 154
154 550
550 465
465 858
858 445
445 522
522 727
727 95
95 4
4 343
343 538
538 757
757 169
169 204
204 414
414 813
813 808
808 280
280 32
32 722
722 983
983 783
783 598
598 205
205 287
287 151
151 103
103 756
756 806
806 335
335 79
79 876
876 816
816 412
412 413
413 610
610 448
448 110
110 889
889 581
581 453
453 394
394 987
987 952
952 938
938 840
840 117
117 338
338 725
725 93
93 864
864 844
844 921
921 468
468 70
70 357
357 902
902 586
586 706
706 929
929 324
324 12
12 265
265 625
625 801
801 397
397 432
432 326
326 279
279 542
542 320
320 656
656 556
556 680
680 225
225 5
5 953
953 375
375 647
647 281
281 379
379 842
842 108
108 815
815 125
125 932
932 152
152 18
18 543
543 180
180 62
62 985
985 224
224 685
685 178
178 307
307 371
371 881
881 369
369 497
497 688
688 344
344 931
931 153
153 551
551 893
893 839
839 832
832 348
348 261
261 195
195 315
315 68
68 662
662 557
557 138
138 306
306 347
347 571
571 698
698 536
536 855
855 376
376 139
139 566
566 705
705 35
35 888
888 23
23 40
40 309
309 991
991 621
621 193
193 852
852 325
325 759
759 826
826 914
914 909
909 693
693 88
88 163
163 964
964 830
830 798
798 91
91 692
692 373
373 112
112 970
970 470
470 36
36 993
993 155
155 691
691 655
655 419
419 86
86 651
651 185
185 998
998 382
382 420
420 874
874 591
591 911
911 807
807 948
948 894
894 730
730 510
510 340
340 478
478 135
135 118
118 887
887 427
427 431
431 924
924 570
570 321
321 334
334 269
269 853
853 268
268 512
512 927
927 406
406 102
102 715
715 720
720 716
716 694
694 266
266 873
873 951
951 618
618 611
611 435
435 144
144 190
190 696
696 615
615 111
111 523
523 286
286 623
623 328
328 875
875 639
639 768
768 787
787 67
67 593
593 370
370 175
175 805
805 387
387 700
700 762
762 353
353 880
880 525
525 450
450 214
214 877
877 159
159 863
863 869
869 612
612 157
157 949
949 729
729 262
262 973
973 823
823 389
389 239
239 1000
1000 769
769 755
755 555
555 684
684 98
98 835
835 489
489 430
430 380
380 713
713 828
828 602
602 577
577 547
547 594
594 333
333 708
708 515
515 194
194 253
253 563
563 968
968 597
597 910
910 331
331 188
188 980
980 437
437 182
182 64
64 919
919 116
116 917
917 483
483 284
284 596
596 736
736 940
940 795
795 393
393 219
219 101
101 628
628 962
962 841
841 428
428 346
346 785
785 587
587 990
990 959
959 943
943 824
824 810
810 652
652 2
2 66
66 675
675 595
595 711
711 537
537 527
527 75
75 690
690 230
230 714
714 378
378 15
15 276
276 429
429 488
488 235
235 498
498 61
61 107
107 997
997 845
845 76
76 606
606 322
322 383
383 21
21 494
494 80
80 94
94 758
758 202
202 466
466 707
707 886
886 471
471 416
416 72
72 148
148 134
134 257
257 626
626 45
45 891
891 366
366 804
804 460
460 208
208 552
552 661
661 918
918 97
97 26
26 440
440 215
215 616
616 46
46 292
292 263
263 181
181 533
533 613
613 944
944 635
635 490
490 227
227 132
132 52
52 336
336 211
211 184
184 791
791 502
502 484
484 646
646 1
1 234
234 735
735 915
915 245
245 800
800 100
100 789
789 30
30 508
508 251
251 161
161 994
994 641
641 39
39 640
640 849
849 122
122 567
567 500
500 74
74 296
296 871
871 199
199 809
809 395
395 191
191 899
899 301
301 671
671 592
592 141
141 14
14 851
851 764
764 540
540 87
87 963
963 989
989 396
396 834
834 3
3 457
457 710
710 771
771 531
531 965
965 128
128 232
232 127
127 534
534 904
904 302
302 548
548 203
203 24
24 539
539 210
210 438
438 290
290 884
884 882
882 819
819 544
544 519
519 879
879 407
407 43
