67795853
70814237
37790
7533268
5358042
1094
5556
70199
2988
8865
1125
1499
3519
2242
2411
4536
3372
2713
478
3970
3839069
1993
1758
3006
6433
23338
5257
6765
1134
821
5343
2683
493
2115
298
20545
2108157
4876
2835
1238
8267
6411
2034
4443
1730
6661
4399
2097
2604
3653
22961
5447
1479
709
9096
452
4844
1566
825
1501
6090
1550
8755
1653
4063
7230
3700
2366
5154
987
2057
5923
599
2457
3370
3461
2445
1491
474163
1762
7879
1526
4589
4956
1548
441
2576
3013
3412
4087
4796
1120
6725
3313
546
2372
552
3645
753
1627
5220
7265
184
5278
264
2119
7664
7980
4903
388521
2048
7686
3197
1322
4675
3483
5583
1043
50
4352
5496
5235
5183
1227
7113
6398
4714
1018
604
2588
481
7357
1358
1168
2471
7204
9022
6553
4424
7454
169
1549
1077
5755
4374
5561
2796
1082
4203
5207
2184
5356
6596
6350
2545
5644
563
87
5608
211
2560
3794
5130
518
317
1493
5265
1196
147
674
710
957
6928
883
4274
3435
4835
7424
244
5444
1712
963
1491
2346
2868
1652
3929
4056
1394
4660
977
6685
3883
388
989
769
4107
2485
7079
3393
2060
6284
1332
6553
1791
2704
2780
60
1354
1545
2617
5661
4980
7250
667
370
378
225
3898
3286
2554
4221
7086
7649
2630
2796
2039
63
7136
8393
5062
4642
3479
4314
463
1654
4747
2539
1928
2598
1060
6138
7838
2901
5076
595
447
5781
4176
809
62
1286
4797
1469
9181
5090
5743
6363
3354
2613
3525
4926
3439
4821
545
2666
3190
1453
196
1702
1419
610
3156
7616
797
5978
598372
1105
4337
4432
5861
5349
783
6399
1608
1857
3450
602
4639
5303
2632
3105
1456
5502
5151
7087
3941
986
910
1230
1110
2451
682
6698
7003
3997
2799
1068
38
2208
136202
2429
4496
2684
3347
4668
6586
5080
1151
4755
2895
4036
3236
4789
4483
5301
1039
487
5032
3901
270
6182
3258
4067
3155
103
251
4827
6124
2576
8413
3376
8866
4276
6184
60
64378
3187
6400
6905
2
3132
1593
3870
3828
2955
4001
2582
994
501
2564
396
3936
4099
1285
8108
3779
656
4542
4547
262
3844
277
393
1095
4193
3821
543
4586
1512
4352
1818
3006
1577
8330
191550
2891
1902
1849
6142
6120
4892
375
8501
5960
690
60
4162
3770
6531
3398
1665
565
2108
6274
1622
2822
4831
2133
1409
6063
367067
285
2186
9154
3732
7571
2842
291
1784
3730
480
2861
1528
4142
5023
745
8859
5421
7402
6573
5046
453
2048
3676
1013
473
5042
3122
2416
1902
2122
4281
7809
1906
2153
8315
2301
1472
1031
6308
972
3719
2616
10
711
2989
1548
4541
1462
4053
1921
4676
8582
220
5190
987
301
1785
5881
5681
6084
27
1120
1715
7365
6101
2179
1852
988
1670
4515
774
4183
525
8172
5406
4171
4821
2111
9515
5184
454
848
5214
4221
8349
4851
6674
4212
7938
283
3197
1455
8093
2421
5154
4408
6545
2627
5399
3712
5077
6379
2985
5410
1241
3296
6226
6871
5342
138
6586
9108
838
142
1124
203
1903
8628
719
1424
1470
946
2306
3743
6094
2612
8034
1850
4664
2125
1160
4193
257
902
6228
533
494
900
1706
1149
8424
779
1854
3064
201
192
1622
3572
5566
1504
5124
8594
819
5038
822
2692
6777
4954
1967
6907
1756
3786
14
1643
3958
4125
2064
5874
694
5620
1864
7162
2087
1298
4847
2797
1671
3502
596
1545
2154
1807
115
3413
1963
2053
1257
3647
2173
9083
4342
4811
322
5238
7132
5467
5135
2464
197
6278
4355
7944
5637
29213
3654
3442
14
3034
816
5285
1697
3598
2315
3111
6775
3602
1395
3702
749
2905
2041
4932
5222
4724
1643
887
2381
4081
2333
4377
503
7366
913
3374
4503
2653
5182
9024
601
4844
1863
8512
619
2414
967
6228
2145
1262
1761
1333
3656
1178
9351
6406
2680
4048
2379
5492
1508
336
244993
1519
2590
3038
3694
5897
7604
3019
5556
156
142
10610
517
792
46
2053
1846
4038
2344
5892
3335
3031
3839
1843
1540
1574
1434
5531
3230
439
2932
4715
463
5942
1731
4424
3291
2617
5751
5885
3703
5951
5572
7717
5376
865
333
763
3867
2891
479
4922
578
6107
1408
4883
2988
3429
779
485
2471
1821
6454
2177
1237
1635
1633
5779
1158
5563
6581
5715
2292
3598
2407
1047
509
4565
8537
4677
4135
9392
813
224
2350
490
70
166
2524
7613
3214
614
1969
2599
596
3549
3654
5830
2769
9064
5086
5161
152
4218
7684
9315
1908
3268
4137
849
1455
4900
3790
6441
926
6959
5798
1436
6166
6087
5794
3278
612
3314
1562
1317
218
2809
3708
4837
2321
4950
4516
7487
940
3427
353
2792
1133
4875
1022
6092
3428
6516
76
1127
3193
634
7295
103
3550
5411
1819
1925
4704
545
2403
4758
433
866
2776
51
1294
2205
8774
2888
5379
5536
1204
49
2654
5123
7066
5886
1879
3228
5561
1799
4185
1427
4688
2986
2880
681
3752
4747
2381
1475
3650
5719
741
7507
4128
3097
2178
3254
3945
3593
7212
1653
4643
590
511
6321
624
1924
444
20
1828
1379
4453
792
5788
1532
4779
6653
3904
6241
1502
7024
6081
1008
5519
3048
2849
862
589
8261
6410
1324
1652
1574
165542
1020
579
169392
7633
6301
5539
4136
5821
3622
4670
7830
3732
2181
6585
2981
6869
1885
461
1981
472
3923
9651
3213
3278
732
3211
315
6748
5894
3730
2996
3365
4556
5833
6352
867
5996
2524
6408
1015
2897
6696
1609
5223
3221
1130
7503
206
117
1151
61
1482
8003
1875
1558
3138
7599
5914
5506
1496
683
3819
2756
4267
9297
6411
5856
2252
7121
2730
1741
6242
913
6836
2834
3975
391
2192
1885
3287
338
1533
1068
4814
1816
2148
4060
6828
975
835
2224
7761
5317
1339
1113
2144
116
3154
577
6067
848
1891
2939
6271
2184
5474
3156
497
2597
6533
2028
1377
1562
1889
1966
1791
5228
1198
568
4651
1114
880
7380
41
5338
5300
5069
6670
1312
3533
4550
3606
375
4766
446
8325
363
2081
7480
7136
2093
2304
2325
4498
6010
3289
908
2612
8377
687
733
7536
4469
5493
2410
2523
5279
1674
4036
1994
827
6188
5840
7405
2005
1161
3873
1974
6917
6412
1340
3071
8393
5298
3340
8056
606
5038
899
1861
3519
2075
1383
2041
3238
6362
5057
7669
7685
3793
2904
2661
6890
7016
249
5571
5867
608
5973
6825
2834
543
1747
417
4194
357
346
6072
1968
4196
7018
1283
1766
213
676
5540
5897
4757
177
6731
209
2592
2887
2241
8470
1398
1763
2230
2056
745
591
9293
1946
2815
6442
5558
734
1777
7227
7873
4014
3271
3730
8153
3469
6870
5089
4727
5024
8850
1777
642
2188
1417
7362
4398
3352
3761
4759
6652
2877
5422
1154
5417
5379
5396
5365
2105
7811
1747
6848
943
4733
5365
682
2633
2255
2117
218
2048
1449
3291
6149
7358
5128
4868
5960
1031
2113
3299
2257
31
1541
4471
3440
6045
341
18
8560
2834
8426
7291
7464
314
383
7649
5315
5105
150
715
1538
5491
154
1293
4043
2811
2129
7193
1180
270
6709
4499
1730
2807
628
2780
2422
757
1107
7614
1752
2391
613
3458
74
3509
5178
5332
205
1325
215
3215
3849
287
6763
7999
4350
553
909
427
3319
2784
649
6048
4975
1326
2995
2950
2864
4910
2883
1918
295
71
880
7476
407
3770
4946
3826
3720
2144
705
1733
4278
2797
4604
220
128
8497
8149
1903
4892
1581
2095
123
1984
235
5707
8144
2606
1320
2206
5793
6069
7136
2334
5796
1438
1522
5380
2669
3237
2430
4847
2843
428
4498
9304
679
4692
7574
7173
75
2458
4706
2188
154
5855
2127
7716
1466
5650
2174
2861
7567
7033
618
2356
6647
5812
4490
329
2220
3457
617
3329
151
6390
579
7038
431
976
1140
3162
3698
2863
465
3131
493
1427
471
3516
941
2214
5120
9153
2536
2849
464
3216
4829
2367
6338
2675
4514
5765
2342
2672
6396
2865
1297
5736
919
498
1548
2071
2781
2914
2479
3291
1299
1991
259
5668
4697
1417
1713
5838
5720
3438
7852
159
941
1539
2498
1940
5223
1601
2387
505
2053
1617
3668
694
7160
5218
2565
2188
4213
1274
1694
2216
493
2128
749
6236
1415
4266
6137
4276
1198
2210
7688
4353
746
1507
1250
2940
4726
2858
1533
2801
7727
516
9226
4625
934
526
8019
257
4177
5527
1327
4601
3474
2499
5277
3961
2521
1763
468
917
3414
1529
5535
6995
5955
7597
338
4290
5398
1143
7303
3904
2978
9258
327
3172
1457
216
8534
7270
5927
2471
5741
1861
3286
4964
6950
2063
1414
8785
7382
554
2149
2236
5657
1229
4768
51
1805
1169
150
2012
1004
7388
1230
3636
4504
6643
4436
5812
4079
5217
7063
226
6316
3906
563
6056
699
3049
3108
2861
63
1181
164
2199
875
4135
9017
1246
217
4989
2831
1476
792
5212
285
2351
1293
273
494
6813
971
7185
4474
6523
1871
3318
517
3669
947
1888
1896
801
1281
1124
4724
2074
953
5012
1219
2762
6940
1410
3832
651
3671
1974
7897
1737
7403
278
3995
879
4201
4676
8226
6823
1688
1046
5525
2834
1641
3623
1527
500
2442
244
2395
1570
1160
1580
478
6863
8611
2114
8873
3850
1212
1330
7437
602
3121
2710
4600
2193
1709
1764
5599
4324
6975
3365
1684
1890
31
7004
891
2915
6503
2163
2755
8051
8436
1443
2489
49
1800
5299
798
5291
7952
3133
2652
974
3686
6608
8457
4352
8627
611
1471
3205
7874
7458
4166
1264
743
550
697
3931
5177
1014
3450
7065
6464
5414
2079
3689
6993
1811
7390
3563
1903
1343
710
6019
7144
1531
385
1042
725
4594
9168
1228
7759
3520
1811
5242
421
1724
6049
1742
1630
97
4792
729
5175
2799
1681
5617
6029
9266
4709
3031
419
2908
6932
589
4887
5212
4475
4196
5651
6737
7447
8680
6874
4568
500
4399
1136
5607
3822
1354
1041
4060
8874
2745
95
8259
590
90
3951
1249
4072
2530
537
1934
2235
1689
4279
6562
667
3616
1559
698
2291
811
3586
708
5239
4767
5992
4372
149
4673
268
1303
2013
6970
2987
1638
547
3581
6711
6445
3297
3101
1857
638
2301
8454
9037
4563
6691
106
7803
1387
196
2903
5417
5422
3961
1533
1425
231
5060
8461
2120
1474
626
1031
4964
843
5047
906
1021
4104
2977
6201
1263
233
4408
126
1569
2251
4514
4031
598
5856
6139
29
3177
6704
5320
770
7475
5113
5236
4009
3734
8848
1518
3515
1646
232
5530
1996
2190
5610
3781
620
7643
5785
1959
1192
7115
5008
611
422
939
8559
7032
1750
3425
2366
1815
1481
4213
3221
6187
1689
2744
5695
2156
5513
2537
547
1569
2114
2929
3453
1757
2751
1653
4155
3869
3319
8835
11
497
183
2308
5552
4851
932
1164
180
3059
1669
4111
8011
699
4732
969
2857
703
4120
3986
7001
3900
2838
810
4547
6060
3196
7481
3632
1382
1426
3829
2901
7872
7672
2658
2199
5390
3311
1753
6934
750
8473
1629
6631
6099
239
6252
6725
8521
484
2021
7261
3521
2764
3860
4345
3266
4308
2134
7745
4715
4614
4074
572
4609
4958
3471
2280
3320
7309
6721
1231
2015
5348
701
7083
1264
2110
6233
384
2822
3905
70
562
2019
6611
9118
2109
3409
603
351
1885
8424
2322
6335
1157
5123
6411
4583
1714
3074
1525
5492
6492
548
5591
2491
1029
4948
1853
8323
4855
347
3967
513
5459
7007
4238
3271
315
1221
1991
1745
6907
5801
4357
5449
6843
2585
7003
3595
4041
5888
7420
3609
1395
6589
8664
708
5277
337
2492
8347
3740
1428
8483
709
2071
2064
3362
8638
3355
2368
790
3208
138
4584
3573
7596
4772
3657
566
1855
5739
525
5098
471
5301
2384
7730
3187
2283
1337
760
1244
5894
294
1181
196
2855
2072
2196
8257
2938
6668
7877
2483
1677
474
5596
2274
6546
2469
1837
2599
53
3231
758
471
3792
4216
3666
1454
430
291
7006
8271
3567
7427
5761
5030
6201
4522
1183
4273
976
1761
2468
4564
1178
2064
3031
4828
1530
7100
927
553
856
2432
8058
2928
3594
6836
779
6014
9385
1133
628
706
1324
112
3217
2730
1242
82
1179
3962
2390
2669
2522
4752
3779
3341
3557
760
3293
6342
3114
4595
1091
6622
2339
3089
5090
3210
1327
957
6609
44
965
3128
5038
2849
6097
2312
1803
1748
1823
2736
5706
87
634
3746
789
2538
6738
3231
1045
1308
2879
704
2978
2188
3770
933
4477
3768
2703
2961
2077
5198
8640
334
6398
5285
2557
1438
1911
1878
3542
4737
6567
4214
1353
3517
2391
5720
1734
3481
1455
4357
2465
8332
1413
6947
2930
7420
2169
1375
3524
5278
1775
1819
1883
3672
5002
3892
4971
487
8346
1688
8969
2401
1062
1915
5600
4871
5264
6141
3054
5213
2562
4530
6519
521
6489
7929
8581
414
1931
2478
3207
4764
22
1817
4945
4122
1623
8199
1045
5442
1068
845
2475
1810
1072
6684
2716
7030
6308
1490
2696
6253
2648
5440
3157
8178
2772
46
8273
2403
2694
556
1860
715
4181
2873
1760
8760
3575
2082
2050
3592
968
704
2979
309
292
4113
4687
5505
45
3062
4032
6922
4656
6046
2820
50
2778
5629
758
850
4159
2766
1480
1197
3887
4149
5507
3731
144
1321
1482
531
5531
8313
5952
1049
6582
4131
1631
1174
4542
445
1753
2336
5231
8478
6790
6627
2317
3040
6501
4165
1252
2397
3276
2494
1339
2509
6047
4950
5557
1091
3813
1084
4260
5090
3113
9600
5164
271
2893
6637
8890
3854
612
6
386
618
4503
1127
1035
6066
4665
4481
3652
1284
2296
1765
4561
3040
2303
495
1304
1682
3597
1753
298
1890
8114
6681
4270
438
2137
4699
656
787
2426
1332
872
2937
989
3753
1797
3530
7798
7353
2510
6568
302
133
2592
1874
4032
1408
5325
3951
5847
1354
1291
8517
7024
1686
1373
2035
1337
6222
4603
605
505
3408
962
1085
2173
154
1961
1746
201
1325
7661
7152
67
6176
5673
4952
7083
6303
331
8814
2073
5242
3300
321
2548
75
3881
3937
899
1118
2076
8051
727
320
6524
6504
8031
1977
1976
2041
2914
786
2903
5400
5341
4215
6948
581
2630
3830
2886
2447
920
2622
3452
901
5339
7161
996
5052
6211
2172
2465
5131
5486
4919
5835
3244
4690
2495
80
2517
366
4206
3536
2394
504
873
1834
1915
292
862
3032
5462
411
4813
3825
3771
1098
5827
2429
786
4067
7809
5979
7153
5882
4392
6484
6822
679
7759
6716
5918
1469
5246
77
3819
7929
2767
9239
7178
2290
7050
2313
5153
4311
4152
3650
6191
8782
4207
778
495
6421
3580
435
424
7492
3002
8494
4749
1056
1125
95
5932
644
294
6994
2965
1237
5787
1719
613
4340
2544
5483
4782
4658
2144
3677
1308
4747
2449
6678
4248
871
1481
3477
1078
3044
664
7125
6778
1082
3507
1352
5660
4920
6627
1258
3038
1351
1791
3277
1800
6818
3129
5147
4108
1618
1991
1245
7204
1144
8947
5483
5117
3107
1154
2530
2751
6970
1997
2019
8017
110
7898
4004
9011
5934
1337
6349
5535
2272
4675
7432
2512
6239
7809
2195
192
1241
1540
2221
2070
6832
792
7876
1320
1074
2240
5194
421
3102
7009
1290
3349
6826
2229
5663
2652
310
239
3097
2360
1822
2927
1655
1415
1223
1009
5799
3320
1880
2566
8405
1464
3500
5317
2408
2151
892
2240
4077
4374
3383
7599
4595
4126
1769
1729
865
6199
7126
3571
1785
7565
238
2993
5730
2211
2150
109
340
3697
2951
1812
1209
2994
7910
7143
8083
1356
908
527
2673
1057
6229
3422
1546
152
5793
4030
4209
326
1266
7769
3675
4194
9764
4714
6384
1501
7915
1401
4629
4002
1955
661
696
2376
3871
4912
4441
922
1251
532
4102
5399
309
934
5101
165
8590
717
641
4225
5809
8495
1557
672
502
8114
3209
3921
3623
2740
1717
3920
8008
4493
4330
3021
4730
3230
9172
1455
4371
628
7676
3624
8375
4538
2068
5567
963
961
2900
4991
3025
2718
3945
709
5760
4276
1945
3636
146
7492
7334
3482
2727
2081
1987
7181
1433
9032
182
6787
2065
962
5546
7800
4672
1098
4124
4014
833
6889
3701
7144
1685
5249
1493
6985
6986
1001
2982
1026
3937
5740
584
3250
7097
5861
5803
5165
1026
7071
53
3924
47
2295
7329
2818
3542
3659
3577
171
3894
18
2689
455
4431
978
326
3029
3447
3020
5222
411
4926
2069
599
1733
7345
5727
4359
1924
4822
1638
1134
7206
132
246
1057
5985
4105
681
2188
4340
1464
578
6244
3662
7359
7469
1503
6291
7347
2440
3599
1760
3605
6168
4088
4861
2939
1556
4231
333
4013
2043
6271
555
1538
3011
636
5815
2858
3712
7913
3012
202
5342
3495
6120
3834
7520
1719
6813
5508
511
848
6569
462
320
3746
4064
539
5951
790
9151
504
1943
3373
557
5321
4982
2033
788
2227
6806
1859
2664
324
7798
1189
423
1608
1697
4811
1929
3429
1869
9188
8057
3797
6456
1664
2078
1313
1783
5832
5668
7583
9217
1907
3974
1654
2725
2695
915
1173
1394
1151
6794
2753
1113
238
1660
2642
2161
178
2636
1025
5760
6201
49
8128
2415
4196
3954
3923
344
1095
1757
3503
3946
2084
3272
1482
4091
357
4054
651
5553
2061
4436
1561
7106
6386
4018
2468
860
4975
7787
8550
1175
1993
5113
6315
3946
1647
5131
165
772
399
952
1181
2389
7866
7093
8074
1597
6211
9349
6436
3647
3340
7706
6506
6751
1858
1818
3895
4904
4271
6951
5446
3880
2532
4291
9375
7853
5978
4510
2220
4650
1587
1471
3482
5448
2055
3121
4627
2028
37
9106
1504
4273
3018
6557
1750
3340
471
6960
3414
5583
6445
2063
4960
1374
8656
2267
4513
6289
13755
2953
2283
777
1748
198
4021
76
3058
2548
2539
1687
8066
4278
2964
74
230
523
3530
2606
4526
1853
7463
7428
650
2818
2547
4242
2698
4066
3051
318
2211
7625
492
1856
8469
4838
8501
2893
2089
7452
1785
58
2915
8082
2508
4205
5320
203
6939
265
2057
1387
5095
4519
955
6257
6559
6346
5575
4469
2206
1500
6931
7630
6992
2663
3118
1085
5113
5291
1710
236
5732
4375
1605
1358
2760
662
3358
1094
4663
6911
8517
3454
8804
4426
2714
2095
6464
1263
1153
5694
3517
2616
3119
1333
3444
2970
3730
1701
2913
2416
3223
508
599
9345
2373
2536
8807
6602
7907
2786
3095
5389
378
1717
3481
374
188
1696
9541
2497
2675
4026
2508
4163
4168
1803
1950
1604
2389
344
1948
6041
3633
7024
2003
1371
9093
8080
5306
3878
3434
1581
3464
62
6457
4014
2331
4744
5786
3250
2619
306
6176
5804
6373
2260
2747
2502
2865
4081
4978
1022
3392
1415
8110
2143
1581
1487
539
964
1690
1311
1015
1970
7739
8760
1333
4717
3107
2534
799
6165
2986
6670
7829
4932
7954
548
2222
1528
1751
416
3893
190
2318
1025
321
8157
6154
7908
6674
178
234
1788
2524
8466
1023
1497
4878
1284
882
9315
6017
3811
2144
550
514
3577
3861
4428
1381
1186
4673
3144
1678
587
7518
879
252
1206
122
664
4920
5616
1682
2043
900
4127
5090
7485
2224
2191
856
1678
3687
1783
6864
3144
650
1514
117
3387
7286
1289
744
2061
2968
2316
83
5207
3220
3219
6882
940
4267
4599
4977
3053
6605
2099
1500
7075
1997
531
3815
218
7038
121
4494
8015
587
4527
3834
957
6541
89
5922
4536
4018
1307
440
6673
8714
8643
2373
802
1632
8487
2857
6974
2020
4766
3563
6625
2562
2009
1034
8259
373
3310
3313
6315
3594
2977
6309
5799
1067
7195
4058
2967
3575
2528
8369
8182
681
5088
1710
59
1468
3308
4819
4371
4382
6313
8855
1946
6790
2446
742
7385
3716
1559
2392
1045
1354
5682
1732
330
4304
572
1303
5978
1153
8183
5472
3840
207
3547
527
2953
3120
1487
5107
379
3751
4578
4758
6497
8864
6912
4869
5307
2726
1917
524
6068
5043
1210
368
8061
4484
2966
2815
6644
4769
1658
897
8203
5002
3908
800
3612
2838
2677
7550
4033
1280
4307
1628
518
948
2869
4013
3315
3519
3802
3605
1009
5462
4144
5640
1041
5927
9588
5280
4268
4426
2848
4146
6970
5671
1877
4943
470
3299
1313
6624
66
691
6930
1873
1373
4181
765
1609
5189
6001
3363
5348
2233
5174
4901
2657
302
1148
2250
1352
5223
2336
397
4918
3494
1102
4507
1444
4225
5527
5661
3288
904
6014
5029
1666
3649
1977
3285
1863
1807
1242
3057
9213
7089
2584
6198
3465
1851
1004
2690
3529
228
693
2298
2106
6895
4385
1658
5886
2577
594
2966
1723
996
2667
4790
5998
147
2506
1432
9134
8787
108
8112
4423
2142
9142
3759
4340
3760
3305
5338
2064
4114
8864
261
5304
419
3498
995
2676
8683
4022
549
326
183
1547
1701
887
1388
4594
1016
4272
167
7108
468
9026
2562
7690
4514
625
3622
5189
3301
6905
3137
823
2741
3016
315
251
5391
1675
2731
1717
272
8604
7444
423
4718
5570
3112
2227
1052
771
2291
2579
4244
1729
6660
4454
5889
2269
731
207
3929
370
9551
4301
5461
18
1653
3372
576
1746
3863
6872
1525
6354
4795
2709
4649
4104
2679
1870
3728
1751
4722
6237
1327
2676
6777
3995
8237
676
1565
6126
207
1899
8996
4045
4803
325
4672
959
2208
4938
2821
595
404
6042
4884
6420
1709
359
3499
4711
415
4922
256
6109
6134
4479
3191
150
5067
1297
978
1501
578
386
2569
3760
5739
3758
3935
1683
5650
3832
690
2495
6113
2932
6006
2866
3123
2453
8788
3162
3512
7322
4107
708
4208
1790
8406
3543
527
3965
193
1026
653
4837
6672
178
4890
952
4772
3377
3331
290
4988
2920
1661
6207
77
2859
2048
5897
1156
8996
1062
6756
40
3134
7138
3373
6517
4056
2948
3106
7899
7267
3176
3368
4062
351
7405
7823
4601
3211
7726
7758
485
504
1862
5056
7584
2083
1771
2210
3667
726
5334
1889
3566
182
6887
3654
5722
660
6155
6729
943
5448
4755
3043
3817
4463
564
1135
1706
790
9152
2995
4702
4682
751
1823
7231
8092
1052
767
4820
2607
3231
5699
6785
8932
8191
3352
2107
2365
7126
8237
1138
1110
7830
4001
1719
796
7812
1631
6937
3645
5187
5129
4316
4173
3714
1604
5504
4973
7068
527
4187
10
303
8216
1532
1538
5195
2197
4705
4634
404
1874
2866
4153
320
6931
7039
6684
3163
1804
1282
3760
5469
287
2435
3118
500
6274
884
1531
7117
1121
3268
368
6655
52
3333
7189
8365
7316
5327
2841
5122
2057
149
4179
4059
2698
2548
2331
345
23
4015
2560
416
4990
7513
758
2561
3307
2198
2515
7987
836
2247
855
879
3640
4207
3025
830
4010
820
2534
7185
3047
1954
209
4465
1688
2228
5566
5252
8007
7232
8371
240
3223
3132
3962
3515
9019
3224
6691
1155
1665
4138
4937
2318
4211
7508
5311
662
5094
731
8469
4512
884
315
1073
9981
2009
7537
1888
4450
3572
5103
6859
2146
7398
762
1280
5203
4145
1413
6498
2967
3131
631
2557
3403
938
3632
1279
835
9314
4480
2089
4014
7560
6138
1774
4067
1506
5322
7505
95
1905
6798
5060
719
9027
358
2787
1932
4453
363
3226
4179
3508
5610
3158
5355
945
7434
2773
581
2386
2994
3046
1768
2433
6416
4356
771
3687
3622
3281
7269
7495
2669
908
2684
3921
5300
4880
3546
2410
6190
1825
321
151
3197
3037
8139
3556
2828
938
1487
2256
3155
2642
1128
1601
911
6148
7855
6826
6221
1870
1781
9014
8244
7920
1627
767
3115
8327
6179
1974
1604
4301
6770
744
8472
2993
4296
1458
8
193
4653
2412
998
4190
134
6121
2991
3780
3813
1099
6951
980
650
387
2496
5175
2878
1811
1094
3390
1665
4443
3919
1146
3999
2546
6920
1300
6262
5363
1079
3324
328
846
425
4680
4283
8627
7064
2159
2041
545
1741
4102
93
408
3998
3565
4983
5385
2628
2176
5900
7589
2449
1071
6417
386
4159
5924
4539
1713
246
3495
7617
1932
5007
4097
327
3099
2342
1776
3571
3315
2822
6803
2566
2848
3991
8330
3701
157
2366
9505
4036
867
1735
828
5694
1880
6629
417
3080
2157
5387
904
6888
9393
6775
3452
2887
3631
4330
7388
2099
854
3208
866
3509
1166
761
722
1358
2802
3884
3830
990
6960
2611
1690
1649
5002
1716
5746
3372
2639
162
1191
3582
5253
3520
5770
2594
6500
1880
1739
8543
1979
7309
106
9316
4003
3744
1144
1771
5799
4976
3501
4047
6329
1998
3925
3936
595
308
4218
7412
5207
5978
1693
4481
2705
2518
4590
5856
7771
1268
1788
5079
4029
1662
5129
2961
620
8053
1902
4901
8679
4644
5984
7878
6285
4770
6891
615
932
2170
1348
417
6479
4793
1279
8101
4059
7344
6140
468
972
3628
5307
3623
1587
7380
8445
2358
647
8567
1105
5137
399
7972
1836
1391
4654
3334
3941
746
2730
5879
3518
646
7187
7894
5621
1731
532
5595
1890
893
7667
1699
1682
3804
1342
474
597
6572
37
2281
5378
4970
982
3888
4903
2605
1318
4347
368
1985
1969
2077
1496
4906
4875
430
8734
8947
303
6496
1089
2075
2571
8935
5861
2210
3574
8268
222
395
807
7597
2664
5049
3707
692
6968
3164
4176
6027
6418
5718
4263
6397
4246
7228
5986
5870
632
2161
1113
6097
1082
1107
5138
948
8931
1560
2110
3575
8569
3842
3044
2644
6775
1785
1709
508
7046
6138
7398
29
1104
1190
1106
464
4357
1823
2630
184
4092
1419
4166
5174
292
2626
101
1595
5293
5714
1670
7158
4101
2347
3988
4540
4610
2918
2828
1365
2420
9049
6239
69
8050
2604
5207
7216
2703
1201
1006
1835
7403
2402
790
2197
3579
449
4010
2147
1732
6661
5537
2487
2083
4498
6515
747
2134
7299
6408
8970
1411
9199
507
3643
337
3808
3486
3646
2952
1415
1787
3071
541
636
3138
1608
2900
976
964
153
1087
592
2356
1936
3962
6513
5518
6862
6322
3233
5708
1794
9
1772
4193
184
7024
439
1357
48
689
7661
2593
4386
8750
219
8001
3307
3644
3002
3511
6801
3280
4946
372
5446
288
7388
1022
2044
1476
6351
6310
40
2115
1155
7291
1892
6989
5672
2377
593
1573
6699
827
2788
5515
7483
6664
762
1542
310
6300
1204
3964
3742
1324
2382
3633
4963
8915
115
4763
5702
2647
28
1376
6494
5035
5149
6572
4606
6654
2560
3760
2844
3764
1749
2919
1149
8541
5536
6344
5332
7428
6135
3647
1813
5308
1047
7854
1905
3769
506
5322
1235
3028
1526
155
2947
2496
331
3740
2307
2356
5431
443
3985
156
4226
76
6408
6001
7373
3069
2729
8617
1414
8791
5109
4829
5006
7257
4245
5964
2650
641
119
6253
583
3120
122
3483
122
777
4504
5265
61
4574
495
4821
2869
1852
1036
1903
2013
376
3084
5289
4591
6656
585
8005
2046
6253
4037
8583
1364
6192
2197
3110
3578
3286
2439
9053
5878
4222
4141
3109
3840
3561
5229
3447
2577
2529
8132
9382
2829
920
6544
6599
429
3843
3082
3778
843
4374
7157
2324
1803
2520
3139
1608
2022
7728
5418
1083
4083
3384
1987
2635
2743
1929
425
1802
770
8745
5425
3017
3081
3068
2902
2298
5369
627
4285
182
7871
2205
1319
6436
4126
498
2048
1733
1760
5347
1588
3328
1701
3111
4308
7514
3246
2926
2127
6367
4805
1866
1850
2726
8034
1305
3612
8563
7789
4088
2181
593
2773
2089
7006
290
4154
501
1321
6946
2946
4935
1681
2480
19
744
1552
7087
3676
255
7098
8
1494
281
4220
3050
4437
138
811
287
2552
5199
161
7932
6685
1140
4524
1098
3694
481
1634
481
2980
4587
7156
623
7383
5152
3339
7032
802
111
5260
1679
4855
2893
1997
1971
4002
8758
2838
4125
2249
586
6728
2286
704
1557
2002
2556
5721
4281
7638
2047
785
8187
2609
866
5269
7064
2286
4812
5591
348
3947
6855
5434
852
1112
8004
4066
5055
1724
3940
4891
6767
4001
4891
652
4267
1965
1081
2948
6205
1820
751
1994
4571
3659
2428
7087
1518
4407
5753
8015
5324
4775
3453
1175
751
5173
5352
774
1235
5178
5884
692
764
5293
8345
620
5546
8207
4304
6894
4614
862
6939
3356
2556
7667
5271
1006
7188
3308
1357
4414
7987
719
3013
1664
8657
5045
3549
6193
1322
1614
3629
2168
7767
3536
1518
3059
2146
1987
4538
3292
3218
1531
2830
6734
673
4698
3002
6474
1724
8148
5675
8139
3445
4517
850
4235
3725
4207
3545
1918
4218
81
6503
1486
490
3253
686
5620
2371
4694
2104
531
3228
3322
6695
1401
4594
1697
3758
5842
2327
1807
5731
1034
3532
2160
2493
9071
5527
6872
1107
1412
8659
1507
1447
4923
2278
7106
4776
7262
1495
202
1297
714
8397
6643
308
3639
977
3158
140
5043
1664
5220
4132
2676
3310
755
1366
1257
1747
5253
25
8329
589
7332
4873
1226
10
1774
6123
5563
3152
2087
2434
1845
1644
1797
5615
1988
265
572

