39874
6416
3355
548
591
925
38
31
495
2132
823
603
192
3265
773
202
353
178
68
648
772
39348
349
132659
282
424
453827
459
485
3365
241
204
446
5592
202
175
213
153
72
164
680747
364002
205807
101
112
486
106801
514
97230
33
329
194
81
318
582
56401
77
102
120
144
161836
514
149
127
156
411
38
67
672
426
53
126
539
606
162350
507
167
243
605
441
802
511
154
438
2039
216
239
214
671
326
107
2350
166
376
158
407
218
604
239
123
294
407
256
201
470
479
581
175
153
69
536
442
15
509
254
183
492
14
501
83
420
217
254
564
193
100
263
518
9
126
387
454
203
87
448
661
251
441
226
374
176
876
574
742
593
796
201
65
113
312
192
31
574
118
400
658
65
667
571
105
275
392
594
148
276
669
520
173
556
129
53
533
191
54
67
165
310
315
27
33
919
383
235
557
378
936
847
63
243
477
577
112
87
97
275
606
192
158
188
576
169
133
19
635
833
12
197
268
744
85
162
885
505
223
419
279
122
669
502
399
241
217
593
135
80
301
398
146
496
792
771
256
55
294
354
50
130
63
207
321
563
839
44
66
258
221
71
112
206
93
715
462
83
277
316
386
73
572
73
217
6
547
663
96
537
324
856
863
148
231
276
146
604
261
470
96
720
680
224
431
128
60
9
348
747
599
342
103
695
470
636
260
266
157
766
18
420
401
341
93
41
550
285
401
436
512
841
10
33
387
664
731
1
199
500
39
60
190
261
689
349
680
199
463
331
487
565
413
350
475
423
180
86
165
184
10
69
905
418
177
702
151
100
415
235
549
777
376
470
360
790
44
30
92
186
233
83
26
42
556
40
207
96
233
354
69
119
547
481
12
35
734
199
83
446
242
86
568
253
321
607
34
457
396
204
374
682
559
812
871
26
186
478
443
332
129
376
233
959
322
544
277
279
542
832
84
7
782
112
164
47
124
348
567
318
92
154
845
94
190
36
9
207
778
2
171
159
303
65
64
368
429
471
460
210
641
944
40
193
325
25
250
736
423
269
525
81
147
290
60
708
9889
145
282
37
122
265
641
54
346
62
107
911
552
104
725
14
61
99
57
331
36
245
307
127
231
344
122
110
179
366
700
639
308
142
120
716
479
505
18
190
21
175
342

