231835722
993075838
903109735
529615335
272601085
195344649
164530970
882434763
583773557
630427673
80858692
246930864
643970283
882910806
780878896
224845034
651079711
856757484
620441008
679435913
132875406
134934214
967301571
13474800
215863552
917768777
646517238
170670988
945547000
4633388
878125658
191375621
274996742
437479792
265409289
45410404
546770514
545973672
62929973
988020280
335520681
853126473
629415291
534148403
64150445
119249493
488635187
839821935
738607730
447629287
55324419
382252647
955294373
628865560
366944373
23229531
733196828
231736892
314765360
501038255
391749150
864490519
460908326
232344982
647007525
885049914
207447653
106674248
547425659
223918027
927435714
22086023
442991008
477736857
533706362
885988167
340325486
848751975
547760232
683643639
87681425
49418200
910879641
892706985
219758432
671972560
445536974
35953940
759782733
801020459
329816131
998993505
592505156
883060432
315670457
273790974
621064341
46264
483259610
718567004
423083546
669775630
355847674
222898493
290067105
859249360
229391729
820247289
921411442
222603461
998554336
578305889
204746427
244724113
385398515
97389128
784971123
71324702
489136973
385212945
415423284
181186353
912643401
349814561
328589230
445407168
304830322
483834750
695201196
105888242
330174017
109164453
106885603
497818292
190651913
548848917
322905519
375134899
22396655
818904663
324074410
175796073
615042467
401814432
497953162
809611052
445723384
789965904
359742877
597321453
378797714
91423871
115055229
357951323
564239267
53283410
239195058
680630065
149083240
819351813
120653946
266676903
319629008
823375673
986845821
548566737
645010040
805432895
973913434
800171286
234595857
268623721
598961331
292278609
561599406
349733273
943269618
485710613
455964780
83880018
388694095
27423049
518201477
509603468
646593453
566389658
755877152
239715320
502380405
611654911
948422228
619253254
777793489
998429573
282930578
648754700
981829655
813729948
883130916
685866532
736000156
967571005
482444088
213458416
733385742
81193684
405096141
631415266
560707276
708650308
419828367
59261739
429176887
595652969
410916774
99715748
62806840
36061736
405778709
59450200
224878865
539087078
698974814
122226358
305291434
130549453
513769508
549509354
935049439
482247997
450314211
720875619
22282772
669356649
997987895
11665690
32712218
530719258
598933318
141361426
494619936
145886205
941797589
281919309
779924747
57863175
491854093
74364788
398184002
569988465
525187260
871963582
859531530
