921734389
505852563
126117119
620330219
947747127
812978500
675082265
750263925
32901520
996726124
505353710
525464808
235258240
598720073
788016493
692422641
306036092
967787116
679623272
712752388
164922536
153681521
803858987
696709744
754304505
739744183
799076484
428374298
276365836
670133287
295765520
758805016
991962620
608058467
397743128
301211033
370520086
862460504
358732851
428140946
214217190
822193967
512974733
504500655
351884391
549423499
263581320
438684233
427139849
660185994
542554458
707177477
386004304
646485388
11791976
737244268
761821431
763672318
829624553
218152161
166102385
271899256
171834670
677747413
135439307
140483050
939981762
886467999
899954574
609893926
219081193
66436800
375122887
413258578
214015176
323288800
710671423
708529913
402836033
690503566
371763638
93319293
63931612
436057603
396579090
588658833
429599255
955750478
272067045
153437979
338366373
889767003
264888858
903231648
252152454
7489394
757026856
177665512
575204516
889886881
776612651
747340311
671886926
616041286
479412989
613253477
198306311
860130421
3820169
233485362
568890539
182072360
919845620
622165257
385447236
182882676
445198179
298398259
933501760
889419128
580379111
739270041
67605115
792550184
207535531
855510667
771282421
131265414
978794750
791039224
33262795
954426835
849255375
494137345
406604474
512886761
8146073
876698779
165301393
843010953
673694103
130429791
696732182
789877476
203760365
376607567
312557425
181735783
613373856
230411535
760915187
376188172
111787381
7443532
948575779
591747447
746427632
98693675
789940183
917568136
871229053
90364696
727581765
272891911
181255095
303479416
801013684
430517494
140813309
567059959
3917623
617371554
436402168
628391581
621366103
609250698
678317907
983320429
209680813
284356443
204554179
943515446
501497745
168861839
43601825
835713092
204763066
659313924
641913462
431704164
748416629
856436121
121410390
314987733
419528743
901892496
157679991
294195611
387377299
20529431
357032223
533176026
764690769
439335820
499909632
741046020
701654630
666512984
242457844
208578128
253892415
987517274
629512327
206607000
111820509
371925608
813286925
987524756
21043613
598662200
718070197
483881943
852068602
659758839
408371391
364024161
236507618
748613737
619543020
994398020
21972805
980770127
846229784
270178101
781007231
412100760
661466163
275218653
36795491
849756106
990821772
105923621
681808565
570279446
49734889
123250273
290195940
458955520
431575162
58711170
322598299
941412395
46008327
983568979
536148703
942960010
632641384
816200465
140335114
514326445
293884993
675712422
623222076
